Log file open, 01/06/22 02:05:51
LogWindows: Failed to load 'aqProf.dll' (GetLastError=126)
LogWindows: File 'aqProf.dll' does not exist
LogWindows: Failed to load 'VtuneApi.dll' (GetLastError=126)
LogWindows: File 'VtuneApi.dll' does not exist
LogWindows: Failed to load 'VtuneApi32e.dll' (GetLastError=126)
LogWindows: File 'VtuneApi32e.dll' does not exist
LogConsoleResponse: Display: Failed to find resolution value strings in scalability ini. Falling back to default.
LogConsoleResponse: Display: Failed to find resolution value strings in scalability ini. Falling back to default.
LogInit: Display: Running engine for game: PracticaIV
LogPlatformFile: Not using cached read wrapper
LogTaskGraph: Started task graph with 5 named threads and 35 total threads with 3 sets of task threads.
LogStats: Stats thread started at 0.191189
LogICUInternationalization: ICU TimeZone Detection - Raw Offset: +1:00, Platform Override: ''
LogInit: Display: Loading text-based GConfig....
LogPluginManager: Mounting plugin MeshPainting
LogPluginManager: Mounting plugin XGEController
LogPluginManager: Mounting plugin Paper2D
LogPluginManager: Mounting plugin AISupport
LogPluginManager: Mounting plugin EnvironmentQueryEditor
LogPluginManager: Mounting plugin LightPropagationVolume
LogPluginManager: Mounting plugin LiveLink
LogPluginManager: Mounting plugin OodleData
LogPluginManager: Mounting plugin OodleNetwork
LogPluginManager: Mounting plugin AnimationSharing
LogPluginManager: Mounting plugin CameraShakePreviewer
LogPluginManager: Mounting plugin GitSourceControl
LogPluginManager: Mounting plugin GameplayCameras
LogPluginManager: Mounting plugin CodeLiteSourceCodeAccess
LogPluginManager: Mounting plugin KDevelopSourceCodeAccess
LogPluginManager: Mounting plugin NullSourceCodeAccess
LogPluginManager: Mounting plugin PlasticSourceControl
LogPluginManager: Mounting plugin CLionSourceCodeAccess
LogPluginManager: Mounting plugin PixWinPlugin
LogPluginManager: Mounting plugin PerforceSourceControl
LogPluginManager: Mounting plugin PropertyAccessNode
LogPluginManager: Mounting plugin TextureFormatOodle
LogPluginManager: Mounting plugin RiderSourceCodeAccess
LogPluginManager: Mounting plugin PluginUtils
LogPluginManager: Mounting plugin VisualStudioCodeSourceCodeAccess
LogPluginManager: Mounting plugin UObjectPlugin
LogPluginManager: Mounting plugin SubversionSourceControl
LogPluginManager: Mounting plugin VisualStudioSourceCodeAccess
LogPluginManager: Mounting plugin AssetManagerEditor
LogPluginManager: Mounting plugin XCodeSourceCodeAccess
LogPluginManager: Mounting plugin CryptoKeys
LogPluginManager: Mounting plugin CurveEditorTools
LogPluginManager: Mounting plugin DataValidation
LogPluginManager: Mounting plugin FacialAnimation
LogPluginManager: Mounting plugin GeometryMode
LogPluginManager: Mounting plugin GameplayTagsEditor
LogPluginManager: Mounting plugin MacGraphicsSwitching
LogPluginManager: Mounting plugin MaterialAnalyzer
LogPluginManager: Mounting plugin MobileLauncherProfileWizard
LogPluginManager: Mounting plugin AutomationUtils
LogPluginManager: Mounting plugin AlembicImporter
LogPluginManager: Mounting plugin ChaosClothEditor
LogPluginManager: Mounting plugin SpeedTreeImporter
LogPluginManager: Mounting plugin ChaosCloth
LogPluginManager: Mounting plugin BackChannel
LogPluginManager: Mounting plugin ChaosEditor
LogPluginManager: Mounting plugin ChaosNiagara
LogPluginManager: Mounting plugin PluginBrowser
LogPluginManager: Mounting plugin ChaosSolverPlugin
LogPluginManager: Mounting plugin CharacterAI
LogPluginManager: Mounting plugin Niagara
LogPluginManager: Mounting plugin GeometryCache
LogPluginManager: Mounting plugin GeometryCollectionPlugin
LogPluginManager: Mounting plugin GeometryProcessing
LogPluginManager: Mounting plugin OpenImageDenoise
LogPluginManager: Mounting plugin MotoSynth
LogPluginManager: Mounting plugin DatasmithContent
LogPluginManager: Mounting plugin PlanarCut
LogPluginManager: Mounting plugin PlatformCrypto
LogPluginManager: Mounting plugin ProxyLODPlugin
LogPluginManager: Mounting plugin PythonScriptPlugin
LogPluginManager: Mounting plugin SkeletalReduction
LogPluginManager: Mounting plugin LuminPlatformFeatures
LogPluginManager: Mounting plugin MagicLeap
LogPluginManager: Mounting plugin MagicLeapMedia
LogPluginManager: Mounting plugin MagicLeapLightEstimation
LogPluginManager: Mounting plugin MagicLeapPassableWorld
LogPluginManager: Mounting plugin MLSDK
LogPluginManager: Mounting plugin VariantManagerContent
LogPluginManager: Mounting plugin AndroidMedia
LogPluginManager: Mounting plugin AvfMedia
LogPluginManager: Mounting plugin ImgMedia
LogPluginManager: Mounting plugin MediaPlayerEditor
LogPluginManager: Mounting plugin MediaCompositing
LogPluginManager: Mounting plugin UdpMessaging
LogPluginManager: Mounting plugin TcpMessaging
LogPluginManager: Mounting plugin ActorSequence
LogPluginManager: Mounting plugin MatineeToLevelSequence
LogPluginManager: Mounting plugin LevelSequenceEditor
LogPluginManager: Mounting plugin WebMMedia
LogPluginManager: Mounting plugin WmfMedia
LogPluginManager: Mounting plugin TemplateSequence
LogPluginManager: Mounting plugin LauncherChunkInstaller
LogPluginManager: Mounting plugin ActorLayerUtilities
LogPluginManager: Mounting plugin AndroidMoviePlayer
LogPluginManager: Mounting plugin AndroidDeviceProfileSelector
LogPluginManager: Mounting plugin AndroidPermission
LogPluginManager: Mounting plugin AssetTags
LogPluginManager: Mounting plugin ArchVisCharacter
LogPluginManager: Mounting plugin AudioCapture
LogPluginManager: Mounting plugin AppleImageUtils
LogPluginManager: Mounting plugin AppleMoviePlayer
LogPluginManager: Mounting plugin AudioSynesthesia
LogPluginManager: Mounting plugin CableComponent
LogPluginManager: Mounting plugin CustomMeshComponent
LogPluginManager: Mounting plugin EditableMesh
LogPluginManager: Mounting plugin ChunkDownloader
LogPluginManager: Mounting plugin ExampleDeviceProfileSelector
LogPluginManager: Mounting plugin GooglePAD
LogPluginManager: Mounting plugin GoogleCloudMessaging
LogPluginManager: Mounting plugin OnlineSubsystem
LogPluginManager: Mounting plugin OnlineSubsystemNull
LogPluginManager: Mounting plugin ScreenshotTools
LogPluginManager: Mounting plugin OnlineSubsystemUtils
LogPluginManager: Mounting plugin IOSDeviceProfileSelector
LogPluginManager: Mounting plugin LinuxDeviceProfileSelector
LogPluginManager: Mounting plugin LocationServicesBPLibrary
LogPluginManager: Mounting plugin MobilePatchingUtils
LogPluginManager: Mounting plugin OpenXREyeTracker
LogPluginManager: Mounting plugin OpenXR
LogPluginManager: Mounting plugin OpenXRHandTracking
LogPluginManager: Mounting plugin Takes
LogPluginManager: Mounting plugin PhysXVehicles
LogPluginManager: Mounting plugin PostSplashScreen
LogPluginManager: Mounting plugin ProceduralMeshComponent
LogPluginManager: Mounting plugin PropertyAccessEditor
LogPluginManager: Mounting plugin RuntimePhysXCooking
LogPluginManager: Mounting plugin SignificanceManager
LogPluginManager: Mounting plugin SoundFields
LogPluginManager: Mounting plugin Synthesis
LogPluginManager: Mounting plugin WebMMoviePlayer
LogPluginManager: Mounting plugin WindowsMoviePlayer
LogPluginManager: Mounting plugin ContentBrowserAssetDataSource
LogPluginManager: Mounting plugin ContentBrowserClassDataSource
LogPluginManager: Mounting plugin ContentBrowserFileDataSource
LogPluginManager: Mounting plugin OnlineSubsystemGooglePlay
LogPluginManager: Mounting plugin OnlineSubsystemIOS
LogPluginManager: Mounting plugin OculusVR
LogPluginManager: Mounting plugin SteamVR
PixWinPlugin: PIX capture plugin failed to initialize! Check that the process is launched from PIX.
LogInit: Using libcurl 7.55.1-DEV
LogInit:  - built for x86_64-pc-win32
LogInit:  - supports SSL with OpenSSL/1.1.1
LogInit:  - supports HTTP deflate (compression) using libz 1.2.8
LogInit:  - other features:
LogInit:      CURL_VERSION_SSL
LogInit:      CURL_VERSION_LIBZ
LogInit:      CURL_VERSION_IPV6
LogInit:      CURL_VERSION_ASYNCHDNS
LogInit:      CURL_VERSION_LARGEFILE
LogInit:      CURL_VERSION_IDN
LogInit:  CurlRequestOptions (configurable via config and command line):
LogInit:  - bVerifyPeer = true  - Libcurl will verify peer certificate
LogInit:  - bUseHttpProxy = false  - Libcurl will NOT use HTTP proxy
LogInit:  - bDontReuseConnections = false  - Libcurl will reuse connections
LogInit:  - MaxHostConnections = 16  - Libcurl will limit the number of connections to a host
LogInit:  - LocalHostAddr = Default
LogInit:  - BufferSize = 65536
LogOnline: OSS: Creating online subsystem instance for: NULL
LogInit: WinSock: version 1.1 (2.2), MaxSocks=32767, MaxUdp=65467
LogOnline: OSS: TryLoadSubsystemAndSetDefault: Loaded subsystem for module [NULL]
LogOculusPluginWrapper: OculusPlugin initialized successfully
LogHMD: Failed initializing OVRPlugin 1.59.0
LogInit: Build: ++UE4+Release-4.27-CL-18319896
LogInit: Engine Version: 4.27.2-18319896+++UE4+Release-4.27
LogInit: Compatible Engine Version: 4.27.0-17155196+++UE4+Release-4.27
LogInit: Net CL: 17155196
LogInit: OS: Windows 10 (Release 2009) (), CPU: Intel(R) Core(TM) i7-8700 CPU @ 3.20GHz, GPU: NVIDIA GeForce GTX 1070
LogInit: Compiled (64-bit): Nov 30 2021 07:12:08
LogInit: Compiled with Visual C++: 19.24.28315.00
LogInit: Build Configuration: Development
LogInit: Branch Name: ++UE4+Release-4.27
LogInit: Command Line: 
LogInit: Base Directory: D:/UNREAL/Epic Games/UE_4.27/Engine/Binaries/Win64/
LogInit: Allocator: TBB
LogInit: Installed Engine Build: 1
LogDevObjectVersion: Number of dev versions registered: 29
LogDevObjectVersion:   Dev-Blueprints (B0D832E4-1F89-4F0D-ACCF-7EB736FD4AA2): 10
LogDevObjectVersion:   Dev-Build (E1C64328-A22C-4D53-A36C-8E866417BD8C): 0
LogDevObjectVersion:   Dev-Core (375EC13C-06E4-48FB-B500-84F0262A717E): 4
LogDevObjectVersion:   Dev-Editor (E4B068ED-F494-42E9-A231-DA0B2E46BB41): 40
LogDevObjectVersion:   Dev-Framework (CFFC743F-43B0-4480-9391-14DF171D2073): 37
LogDevObjectVersion:   Dev-Mobile (B02B49B5-BB20-44E9-A304-32B752E40360): 3
LogDevObjectVersion:   Dev-Networking (A4E4105C-59A1-49B5-A7C5-40C4547EDFEE): 0
LogDevObjectVersion:   Dev-Online (39C831C9-5AE6-47DC-9A44-9C173E1C8E7C): 0
LogDevObjectVersion:   Dev-Physics (78F01B33-EBEA-4F98-B9B4-84EACCB95AA2): 14
LogDevObjectVersion:   Dev-Platform (6631380F-2D4D-43E0-8009-CF276956A95A): 0
LogDevObjectVersion:   Dev-Rendering (12F88B9F-8875-4AFC-A67C-D90C383ABD29): 45
LogDevObjectVersion:   Dev-Sequencer (7B5AE74C-D270-4C10-A958-57980B212A5A): 13
LogDevObjectVersion:   Dev-VR (D7296918-1DD6-4BDD-9DE2-64A83CC13884): 3
LogDevObjectVersion:   Dev-LoadTimes (C2A15278-BFE7-4AFE-6C17-90FF531DF755): 1
LogDevObjectVersion:   Private-Geometry (6EACA3D4-40EC-4CC1-B786-8BED09428FC5): 3
LogDevObjectVersion:   Dev-AnimPhys (29E575DD-E0A3-4627-9D10-D276232CDCEA): 17
LogDevObjectVersion:   Dev-Anim (AF43A65D-7FD3-4947-9873-3E8ED9C1BB05): 15
LogDevObjectVersion:   Dev-ReflectionCapture (6B266CEC-1EC7-4B8F-A30B-E4D90942FC07): 1
LogDevObjectVersion:   Dev-Automation (0DF73D61-A23F-47EA-B727-89E90C41499A): 1
LogDevObjectVersion:   FortniteMain (601D1886-AC64-4F84-AA16-D3DE0DEAC7D6): 47
LogDevObjectVersion:   FortniteRelease (E7086368-6B23-4C58-8439-1B7016265E91): 1
LogDevObjectVersion:   Dev-Enterprise (9DFFBCD6-494F-0158-E221-12823C92A888): 10
LogDevObjectVersion:   Dev-Niagara (F2AED0AC-9AFE-416F-8664-AA7FFA26D6FC): 1
LogDevObjectVersion:   Dev-Destruction (174F1F0B-B4C6-45A5-B13F-2EE8D0FB917D): 10
LogDevObjectVersion:   Dev-Physics-Ext (35F94A83-E258-406C-A318-09F59610247C): 41
LogDevObjectVersion:   Dev-PhysicsMaterial-Chaos (B68FC16E-8B1B-42E2-B453-215C058844FE): 1
LogDevObjectVersion:   Dev-CineCamera (B2E18506-4273-CFC2-A54E-F4BB758BBA07): 1
LogDevObjectVersion:   Dev-VirtualProduction (64F58936-FD1B-42BA-BA96-7289D5D0FA4E): 1
LogDevObjectVersion:   Dev-MediaFramework (6F0ED827-A609-4895-9C91-998D90180EA4): 2
LogInit: Presizing for max 25165824 objects, including 0 objects not considered by GC, pre-allocating 0 bytes for permanent pool.
LogConfig: Applying CVar settings from Section [/Script/Engine.StreamingSettings] File [D:/UNREAL/GITHUB/IV_GrupoC/PracticaIV/Saved/Config/Windows/Engine.ini]
LogConfig: Setting CVar [[s.MinBulkDataSizeForAsyncLoading:131072]]
LogConfig: Setting CVar [[s.AsyncLoadingThreadEnabled:0]]
LogConfig: Setting CVar [[s.EventDrivenLoaderEnabled:1]]
LogConfig: Setting CVar [[s.WarnIfTimeLimitExceeded:0]]
LogConfig: Setting CVar [[s.TimeLimitExceededMultiplier:1.5]]
LogConfig: Setting CVar [[s.TimeLimitExceededMinTime:0.005]]
LogConfig: Setting CVar [[s.UseBackgroundLevelStreaming:1]]
LogConfig: Setting CVar [[s.PriorityAsyncLoadingExtraTime:15.0]]
LogConfig: Setting CVar [[s.LevelStreamingActorsUpdateTimeLimit:5.0]]
LogConfig: Setting CVar [[s.PriorityLevelStreamingActorsUpdateExtraTime:5.0]]
LogConfig: Setting CVar [[s.LevelStreamingComponentsRegistrationGranularity:10]]
LogConfig: Setting CVar [[s.UnregisterComponentsTimeLimit:1.0]]
LogConfig: Setting CVar [[s.LevelStreamingComponentsUnregistrationGranularity:5]]
LogConfig: Setting CVar [[s.FlushStreamingOnExit:1]]
LogInit: Object subsystem initialized
LogConfig: Setting CVar [[con.DebugEarlyDefault:1]]
LogConfig: Setting CVar [[r.setres:1280x720]]
[2022.01.06-01.05.52:326][  0]LogConfig: Setting CVar [[r.VSync:0]]
[2022.01.06-01.05.52:326][  0]LogConfig: Setting CVar [[r.RHICmdBypass:0]]
[2022.01.06-01.05.52:326][  0]LogConfig: Applying CVar settings from Section [/Script/Engine.RendererSettings] File [D:/UNREAL/GITHUB/IV_GrupoC/PracticaIV/Saved/Config/Windows/Engine.ini]
[2022.01.06-01.05.52:326][  0]LogConfig: Setting CVar [[r.GPUCrashDebugging:0]]
[2022.01.06-01.05.52:326][  0]LogConfig: Applying CVar settings from Section [/Script/Engine.RendererOverrideSettings] File [D:/UNREAL/GITHUB/IV_GrupoC/PracticaIV/Saved/Config/Windows/Engine.ini]
[2022.01.06-01.05.52:326][  0]LogConfig: Applying CVar settings from Section [/Script/Engine.StreamingSettings] File [D:/UNREAL/GITHUB/IV_GrupoC/PracticaIV/Saved/Config/Windows/Engine.ini]
[2022.01.06-01.05.52:326][  0]LogConfig: Setting CVar [[s.MinBulkDataSizeForAsyncLoading:131072]]
[2022.01.06-01.05.52:326][  0]LogConfig: Setting CVar [[s.AsyncLoadingThreadEnabled:0]]
[2022.01.06-01.05.52:326][  0]LogConfig: Setting CVar [[s.EventDrivenLoaderEnabled:1]]
[2022.01.06-01.05.52:326][  0]LogConfig: Setting CVar [[s.WarnIfTimeLimitExceeded:0]]
[2022.01.06-01.05.52:326][  0]LogConfig: Setting CVar [[s.TimeLimitExceededMultiplier:1.5]]
[2022.01.06-01.05.52:326][  0]LogConfig: Setting CVar [[s.TimeLimitExceededMinTime:0.005]]
[2022.01.06-01.05.52:326][  0]LogConfig: Setting CVar [[s.UseBackgroundLevelStreaming:1]]
[2022.01.06-01.05.52:326][  0]LogConfig: Setting CVar [[s.PriorityAsyncLoadingExtraTime:15.0]]
[2022.01.06-01.05.52:326][  0]LogConfig: Setting CVar [[s.LevelStreamingActorsUpdateTimeLimit:5.0]]
[2022.01.06-01.05.52:326][  0]LogConfig: Setting CVar [[s.PriorityLevelStreamingActorsUpdateExtraTime:5.0]]
[2022.01.06-01.05.52:326][  0]LogConfig: Setting CVar [[s.LevelStreamingComponentsRegistrationGranularity:10]]
[2022.01.06-01.05.52:326][  0]LogConfig: Setting CVar [[s.UnregisterComponentsTimeLimit:1.0]]
[2022.01.06-01.05.52:326][  0]LogConfig: Setting CVar [[s.LevelStreamingComponentsUnregistrationGranularity:5]]
[2022.01.06-01.05.52:326][  0]LogConfig: Setting CVar [[s.FlushStreamingOnExit:1]]
[2022.01.06-01.05.52:326][  0]LogConfig: Applying CVar settings from Section [/Script/Engine.GarbageCollectionSettings] File [D:/UNREAL/GITHUB/IV_GrupoC/PracticaIV/Saved/Config/Windows/Engine.ini]
[2022.01.06-01.05.52:326][  0]LogConfig: Setting CVar [[gc.MaxObjectsNotConsideredByGC:1]]
[2022.01.06-01.05.52:326][  0]LogConfig: Setting CVar [[gc.SizeOfPermanentObjectPool:0]]
[2022.01.06-01.05.52:326][  0]LogConfig: Setting CVar [[gc.FlushStreamingOnGC:0]]
[2022.01.06-01.05.52:326][  0]LogConfig: Setting CVar [[gc.NumRetriesBeforeForcingGC:10]]
[2022.01.06-01.05.52:326][  0]LogConfig: Setting CVar [[gc.AllowParallelGC:1]]
[2022.01.06-01.05.52:326][  0]LogConfig: Setting CVar [[gc.TimeBetweenPurgingPendingKillObjects:61.1]]
[2022.01.06-01.05.52:326][  0]LogConfig: Setting CVar [[gc.MaxObjectsInEditor:25165824]]
[2022.01.06-01.05.52:326][  0]LogConfig: Setting CVar [[gc.IncrementalBeginDestroyEnabled:1]]
[2022.01.06-01.05.52:326][  0]LogConfig: Setting CVar [[gc.CreateGCClusters:1]]
[2022.01.06-01.05.52:326][  0]LogConfig: Setting CVar [[gc.MinGCClusterSize:5]]
[2022.01.06-01.05.52:326][  0]LogConfig: Setting CVar [[gc.ActorClusteringEnabled:0]]
[2022.01.06-01.05.52:326][  0]LogConfig: Setting CVar [[gc.BlueprintClusteringEnabled:0]]
[2022.01.06-01.05.52:326][  0]LogConfig: Setting CVar [[gc.UseDisregardForGCOnDedicatedServers:0]]
[2022.01.06-01.05.52:326][  0]LogConfig: Setting CVar [[gc.MultithreadedDestructionEnabled:1]]
[2022.01.06-01.05.52:326][  0]LogConfig: Applying CVar settings from Section [/Script/Engine.NetworkSettings] File [D:/UNREAL/GITHUB/IV_GrupoC/PracticaIV/Saved/Config/Windows/Engine.ini]
[2022.01.06-01.05.52:326][  0]LogConfig: Applying CVar settings from Section [/Script/UnrealEd.CookerSettings] File [D:/UNREAL/GITHUB/IV_GrupoC/PracticaIV/Saved/Config/Windows/Engine.ini]
[2022.01.06-01.05.52:332][  0]LogConfig: Applying CVar settings from Section [ViewDistanceQuality@3] File [D:/UNREAL/GITHUB/IV_GrupoC/PracticaIV/Saved/Config/Windows/Scalability.ini]
[2022.01.06-01.05.52:332][  0]LogConfig: Setting CVar [[r.SkeletalMeshLODBias:0]]
[2022.01.06-01.05.52:332][  0]LogConfig: Setting CVar [[r.ViewDistanceScale:1.0]]
[2022.01.06-01.05.52:332][  0]LogConfig: Applying CVar settings from Section [AntiAliasingQuality@3] File [D:/UNREAL/GITHUB/IV_GrupoC/PracticaIV/Saved/Config/Windows/Scalability.ini]
[2022.01.06-01.05.52:332][  0]LogConfig: Setting CVar [[r.PostProcessAAQuality:4]]
[2022.01.06-01.05.52:332][  0]LogConfig: Applying CVar settings from Section [ShadowQuality@3] File [D:/UNREAL/GITHUB/IV_GrupoC/PracticaIV/Saved/Config/Windows/Scalability.ini]
[2022.01.06-01.05.52:332][  0]LogConfig: Setting CVar [[r.LightFunctionQuality:1]]
[2022.01.06-01.05.52:332][  0]LogConfig: Setting CVar [[r.ShadowQuality:5]]
[2022.01.06-01.05.52:332][  0]LogConfig: Setting CVar [[r.Shadow.CSM.MaxCascades:10]]
[2022.01.06-01.05.52:332][  0]LogConfig: Setting CVar [[r.Shadow.MaxResolution:2048]]
[2022.01.06-01.05.52:332][  0]LogConfig: Setting CVar [[r.Shadow.MaxCSMResolution:2048]]
[2022.01.06-01.05.52:332][  0]LogConfig: Setting CVar [[r.Shadow.RadiusThreshold:0.01]]
[2022.01.06-01.05.52:332][  0]LogConfig: Setting CVar [[r.Shadow.DistanceScale:1.0]]
[2022.01.06-01.05.52:333][  0]LogConfig: Setting CVar [[r.Shadow.CSM.TransitionScale:1.0]]
[2022.01.06-01.05.52:333][  0]LogConfig: Setting CVar [[r.Shadow.PreShadowResolutionFactor:1.0]]
[2022.01.06-01.05.52:333][  0]LogConfig: Setting CVar [[r.DistanceFieldShadowing:1]]
[2022.01.06-01.05.52:333][  0]LogConfig: Setting CVar [[r.DistanceFieldAO:1]]
[2022.01.06-01.05.52:333][  0]LogConfig: Setting CVar [[r.AOQuality:2]]
[2022.01.06-01.05.52:333][  0]LogConfig: Setting CVar [[r.VolumetricFog:1]]
[2022.01.06-01.05.52:333][  0]LogConfig: Setting CVar [[r.VolumetricFog.GridPixelSize:8]]
[2022.01.06-01.05.52:333][  0]LogConfig: Setting CVar [[r.VolumetricFog.GridSizeZ:128]]
[2022.01.06-01.05.52:333][  0]LogConfig: Setting CVar [[r.VolumetricFog.HistoryMissSupersampleCount:4]]
[2022.01.06-01.05.52:333][  0]LogConfig: Setting CVar [[r.LightMaxDrawDistanceScale:1]]
[2022.01.06-01.05.52:333][  0]LogConfig: Setting CVar [[r.CapsuleShadows:1]]
[2022.01.06-01.05.52:333][  0]LogConfig: Applying CVar settings from Section [PostProcessQuality@3] File [D:/UNREAL/GITHUB/IV_GrupoC/PracticaIV/Saved/Config/Windows/Scalability.ini]
[2022.01.06-01.05.52:333][  0]LogConfig: Setting CVar [[r.MotionBlurQuality:4]]
[2022.01.06-01.05.52:333][  0]LogConfig: Setting CVar [[r.AmbientOcclusionMipLevelFactor:0.4]]
[2022.01.06-01.05.52:333][  0]LogConfig: Setting CVar [[r.AmbientOcclusionMaxQuality:100]]
[2022.01.06-01.05.52:333][  0]LogConfig: Setting CVar [[r.AmbientOcclusionLevels:-1]]
[2022.01.06-01.05.52:333][  0]LogConfig: Setting CVar [[r.AmbientOcclusionRadiusScale:1.0]]
[2022.01.06-01.05.52:333][  0]LogConfig: Setting CVar [[r.DepthOfFieldQuality:2]]
[2022.01.06-01.05.52:333][  0]LogConfig: Setting CVar [[r.RenderTargetPoolMin:400]]
[2022.01.06-01.05.52:333][  0]LogConfig: Setting CVar [[r.LensFlareQuality:2]]
[2022.01.06-01.05.52:333][  0]LogConfig: Setting CVar [[r.SceneColorFringeQuality:1]]
[2022.01.06-01.05.52:333][  0]LogConfig: Setting CVar [[r.EyeAdaptationQuality:2]]
[2022.01.06-01.05.52:333][  0]LogConfig: Setting CVar [[r.BloomQuality:5]]
[2022.01.06-01.05.52:333][  0]LogConfig: Setting CVar [[r.FastBlurThreshold:100]]
[2022.01.06-01.05.52:333][  0]LogConfig: Setting CVar [[r.Upscale.Quality:3]]
[2022.01.06-01.05.52:333][  0]LogConfig: Setting CVar [[r.Tonemapper.GrainQuantization:1]]
[2022.01.06-01.05.52:333][  0]LogConfig: Setting CVar [[r.LightShaftQuality:1]]
[2022.01.06-01.05.52:333][  0]LogConfig: Setting CVar [[r.Filter.SizeScale:1]]
[2022.01.06-01.05.52:333][  0]LogConfig: Setting CVar [[r.Tonemapper.Quality:5]]
[2022.01.06-01.05.52:333][  0]LogConfig: Setting CVar [[r.DOF.Gather.AccumulatorQuality:1        ; higher gathering accumulator quality]]
[2022.01.06-01.05.52:333][  0]LogConfig: Setting CVar [[r.DOF.Gather.PostfilterMethod:1          ; Median3x3 postfilering method]]
[2022.01.06-01.05.52:333][  0]LogConfig: Setting CVar [[r.DOF.Gather.EnableBokehSettings:0       ; no bokeh simulation when gathering]]
[2022.01.06-01.05.52:333][  0]LogConfig: Setting CVar [[r.DOF.Gather.RingCount:4                 ; medium number of samples when gathering]]
[2022.01.06-01.05.52:333][  0]LogConfig: Setting CVar [[r.DOF.Scatter.ForegroundCompositing:1    ; additive foreground scattering]]
[2022.01.06-01.05.52:333][  0]LogConfig: Setting CVar [[r.DOF.Scatter.BackgroundCompositing:2    ; additive background scattering]]
[2022.01.06-01.05.52:333][  0]LogConfig: Setting CVar [[r.DOF.Scatter.EnableBokehSettings:1      ; bokeh simulation when scattering]]
[2022.01.06-01.05.52:333][  0]LogConfig: Setting CVar [[r.DOF.Scatter.MaxSpriteRatio:0.1         ; only a maximum of 10% of scattered bokeh]]
[2022.01.06-01.05.52:333][  0]LogConfig: Setting CVar [[r.DOF.Recombine.Quality:1                ; cheap slight out of focus]]
[2022.01.06-01.05.52:333][  0]LogConfig: Setting CVar [[r.DOF.Recombine.EnableBokehSettings:0    ; no bokeh simulation on slight out of focus]]
[2022.01.06-01.05.52:333][  0]LogConfig: Setting CVar [[r.DOF.TemporalAAQuality:1                ; more stable temporal accumulation]]
[2022.01.06-01.05.52:333][  0]LogConfig: Setting CVar [[r.DOF.Kernel.MaxForegroundRadius:0.025]]
[2022.01.06-01.05.52:333][  0]LogConfig: Setting CVar [[r.DOF.Kernel.MaxBackgroundRadius:0.025]]
[2022.01.06-01.05.52:333][  0]LogConfig: Applying CVar settings from Section [TextureQuality@3] File [D:/UNREAL/GITHUB/IV_GrupoC/PracticaIV/Saved/Config/Windows/Scalability.ini]
[2022.01.06-01.05.52:333][  0]LogConfig: Setting CVar [[r.Streaming.MipBias:0]]
[2022.01.06-01.05.52:333][  0]LogConfig: Setting CVar [[r.Streaming.AmortizeCPUToGPUCopy:0]]
[2022.01.06-01.05.52:333][  0]LogConfig: Setting CVar [[r.Streaming.MaxNumTexturesToStreamPerFrame:0]]
[2022.01.06-01.05.52:333][  0]LogConfig: Setting CVar [[r.Streaming.Boost:1]]
[2022.01.06-01.05.52:333][  0]LogConfig: Setting CVar [[r.MaxAnisotropy:8]]
[2022.01.06-01.05.52:333][  0]LogConfig: Setting CVar [[r.VT.MaxAnisotropy:8]]
[2022.01.06-01.05.52:333][  0]LogConfig: Setting CVar [[r.Streaming.LimitPoolSizeToVRAM:0]]
[2022.01.06-01.05.52:333][  0]LogConfig: Setting CVar [[r.Streaming.PoolSize:1000]]
[2022.01.06-01.05.52:333][  0]LogConfig: Setting CVar [[r.Streaming.MaxEffectiveScreenSize:0]]
[2022.01.06-01.05.52:333][  0]LogConfig: Applying CVar settings from Section [EffectsQuality@3] File [D:/UNREAL/GITHUB/IV_GrupoC/PracticaIV/Saved/Config/Windows/Scalability.ini]
[2022.01.06-01.05.52:333][  0]LogConfig: Setting CVar [[r.TranslucencyLightingVolumeDim:64]]
[2022.01.06-01.05.52:333][  0]LogConfig: Setting CVar [[r.RefractionQuality:2]]
[2022.01.06-01.05.52:333][  0]LogConfig: Setting CVar [[r.SSR.Quality:3]]
[2022.01.06-01.05.52:333][  0]LogConfig: Setting CVar [[r.SSR.HalfResSceneColor:0]]
[2022.01.06-01.05.52:333][  0]LogConfig: Setting CVar [[r.SceneColorFormat:4]]
[2022.01.06-01.05.52:333][  0]LogConfig: Setting CVar [[r.DetailMode:2]]
[2022.01.06-01.05.52:333][  0]LogConfig: Setting CVar [[r.TranslucencyVolumeBlur:1]]
[2022.01.06-01.05.52:333][  0]LogConfig: Setting CVar [[r.MaterialQualityLevel:1 ; High quality]]
[2022.01.06-01.05.52:333][  0]LogConfig: Setting CVar [[r.AnisotropicMaterials:1]]
[2022.01.06-01.05.52:333][  0]LogConfig: Setting CVar [[r.SSS.Scale:1]]
[2022.01.06-01.05.52:333][  0]LogConfig: Setting CVar [[r.SSS.SampleSet:2]]
[2022.01.06-01.05.52:333][  0]LogConfig: Setting CVar [[r.SSS.Quality:1]]
[2022.01.06-01.05.52:333][  0]LogConfig: Setting CVar [[r.SSS.HalfRes:0]]
[2022.01.06-01.05.52:333][  0]LogConfig: Setting CVar [[r.SSGI.Quality:3]]
[2022.01.06-01.05.52:333][  0]LogConfig: Setting CVar [[r.EmitterSpawnRateScale:1.0]]
[2022.01.06-01.05.52:333][  0]LogConfig: Setting CVar [[r.ParticleLightQuality:2]]
[2022.01.06-01.05.52:333][  0]LogConfig: Setting CVar [[r.SkyAtmosphere.AerialPerspectiveLUT.FastApplyOnOpaque:1 ; Always have FastSkyLUT 1 in this case to avoid wrong sky]]
[2022.01.06-01.05.52:333][  0]LogConfig: Setting CVar [[r.SkyAtmosphere.AerialPerspectiveLUT.SampleCountMaxPerSlice:4]]
[2022.01.06-01.05.52:333][  0]LogConfig: Setting CVar [[r.SkyAtmosphere.AerialPerspectiveLUT.DepthResolution:16.0]]
[2022.01.06-01.05.52:333][  0]LogConfig: Setting CVar [[r.SkyAtmosphere.FastSkyLUT:1]]
[2022.01.06-01.05.52:333][  0]LogConfig: Setting CVar [[r.SkyAtmosphere.FastSkyLUT.SampleCountMin:4.0]]
[2022.01.06-01.05.52:333][  0]LogConfig: Setting CVar [[r.SkyAtmosphere.FastSkyLUT.SampleCountMax:128.0]]
[2022.01.06-01.05.52:333][  0]LogConfig: Setting CVar [[r.SkyAtmosphere.SampleCountMin:4.0]]
[2022.01.06-01.05.52:333][  0]LogConfig: Setting CVar [[r.SkyAtmosphere.SampleCountMax:128.0]]
[2022.01.06-01.05.52:333][  0]LogConfig: Setting CVar [[r.SkyAtmosphere.TransmittanceLUT.UseSmallFormat:0]]
[2022.01.06-01.05.52:333][  0]LogConfig: Setting CVar [[r.SkyAtmosphere.TransmittanceLUT.SampleCount:10.0]]
[2022.01.06-01.05.52:333][  0]LogConfig: Setting CVar [[r.SkyAtmosphere.MultiScatteringLUT.SampleCount:15.0]]
[2022.01.06-01.05.52:333][  0]LogConfig: Setting CVar [[r.SkyLight.RealTimeReflectionCapture:1]]
[2022.01.06-01.05.52:333][  0]LogConfig: Applying CVar settings from Section [FoliageQuality@3] File [D:/UNREAL/GITHUB/IV_GrupoC/PracticaIV/Saved/Config/Windows/Scalability.ini]
[2022.01.06-01.05.52:333][  0]LogConfig: Setting CVar [[foliage.DensityScale:1.0]]
[2022.01.06-01.05.52:333][  0]LogConfig: Setting CVar [[grass.DensityScale:1.0]]
[2022.01.06-01.05.52:333][  0]LogConfig: Applying CVar settings from Section [ShadingQuality@3] File [D:/UNREAL/GITHUB/IV_GrupoC/PracticaIV/Saved/Config/Windows/Scalability.ini]
[2022.01.06-01.05.52:333][  0]LogConfig: Setting CVar [[r.HairStrands.SkyLighting.IntegrationType:2]]
[2022.01.06-01.05.52:333][  0]LogConfig: Setting CVar [[r.HairStrands.SkyAO.SampleCount:4]]
[2022.01.06-01.05.52:333][  0]LogConfig: Setting CVar [[r.HairStrands.Visibility.MSAA.SamplePerPixel:4]]
[2022.01.06-01.05.52:333][  0]LogInit: Selected Device Profile: [Windows]
[2022.01.06-01.05.52:333][  0]LogInit: Applying CVar settings loaded from the selected device profile: [Windows]
[2022.01.06-01.05.52:334][  0]LogHAL: Display: Platform has ~ 16 GB [17100935168 / 17179869184 / 16], which maps to Larger [LargestMinGB=32, LargerMinGB=12, DefaultMinGB=8, SmallerMinGB=6, SmallestMinGB=0)
[2022.01.06-01.05.52:334][  0]LogInit: Going up to parent DeviceProfile []
[2022.01.06-01.05.52:334][  0]LogConfig: Applying CVar settings from Section [ViewDistanceQuality@3] File [D:/UNREAL/GITHUB/IV_GrupoC/PracticaIV/Saved/Config/Windows/Scalability.ini]
[2022.01.06-01.05.52:334][  0]LogConfig: Setting CVar [[r.SkeletalMeshLODBias:0]]
[2022.01.06-01.05.52:334][  0]LogConfig: Setting CVar [[r.ViewDistanceScale:1.0]]
[2022.01.06-01.05.52:334][  0]LogConfig: Applying CVar settings from Section [AntiAliasingQuality@3] File [D:/UNREAL/GITHUB/IV_GrupoC/PracticaIV/Saved/Config/Windows/Scalability.ini]
[2022.01.06-01.05.52:334][  0]LogConfig: Setting CVar [[r.PostProcessAAQuality:4]]
[2022.01.06-01.05.52:334][  0]LogConfig: Applying CVar settings from Section [ShadowQuality@3] File [D:/UNREAL/GITHUB/IV_GrupoC/PracticaIV/Saved/Config/Windows/Scalability.ini]
[2022.01.06-01.05.52:334][  0]LogConfig: Setting CVar [[r.LightFunctionQuality:1]]
[2022.01.06-01.05.52:334][  0]LogConfig: Setting CVar [[r.ShadowQuality:5]]
[2022.01.06-01.05.52:334][  0]LogConfig: Setting CVar [[r.Shadow.CSM.MaxCascades:10]]
[2022.01.06-01.05.52:334][  0]LogConfig: Setting CVar [[r.Shadow.MaxResolution:2048]]
[2022.01.06-01.05.52:334][  0]LogConfig: Setting CVar [[r.Shadow.MaxCSMResolution:2048]]
[2022.01.06-01.05.52:334][  0]LogConfig: Setting CVar [[r.Shadow.RadiusThreshold:0.01]]
[2022.01.06-01.05.52:334][  0]LogConfig: Setting CVar [[r.Shadow.DistanceScale:1.0]]
[2022.01.06-01.05.52:334][  0]LogConfig: Setting CVar [[r.Shadow.CSM.TransitionScale:1.0]]
[2022.01.06-01.05.52:334][  0]LogConfig: Setting CVar [[r.Shadow.PreShadowResolutionFactor:1.0]]
[2022.01.06-01.05.52:334][  0]LogConfig: Setting CVar [[r.DistanceFieldShadowing:1]]
[2022.01.06-01.05.52:334][  0]LogConfig: Setting CVar [[r.DistanceFieldAO:1]]
[2022.01.06-01.05.52:334][  0]LogConfig: Setting CVar [[r.AOQuality:2]]
[2022.01.06-01.05.52:334][  0]LogConfig: Setting CVar [[r.VolumetricFog:1]]
[2022.01.06-01.05.52:334][  0]LogConfig: Setting CVar [[r.VolumetricFog.GridPixelSize:8]]
[2022.01.06-01.05.52:334][  0]LogConfig: Setting CVar [[r.VolumetricFog.GridSizeZ:128]]
[2022.01.06-01.05.52:334][  0]LogConfig: Setting CVar [[r.VolumetricFog.HistoryMissSupersampleCount:4]]
[2022.01.06-01.05.52:334][  0]LogConfig: Setting CVar [[r.LightMaxDrawDistanceScale:1]]
[2022.01.06-01.05.52:334][  0]LogConfig: Setting CVar [[r.CapsuleShadows:1]]
[2022.01.06-01.05.52:334][  0]LogConfig: Applying CVar settings from Section [PostProcessQuality@3] File [D:/UNREAL/GITHUB/IV_GrupoC/PracticaIV/Saved/Config/Windows/Scalability.ini]
[2022.01.06-01.05.52:334][  0]LogConfig: Setting CVar [[r.MotionBlurQuality:4]]
[2022.01.06-01.05.52:334][  0]LogConfig: Setting CVar [[r.AmbientOcclusionMipLevelFactor:0.4]]
[2022.01.06-01.05.52:334][  0]LogConfig: Setting CVar [[r.AmbientOcclusionMaxQuality:100]]
[2022.01.06-01.05.52:334][  0]LogConfig: Setting CVar [[r.AmbientOcclusionLevels:-1]]
[2022.01.06-01.05.52:334][  0]LogConfig: Setting CVar [[r.AmbientOcclusionRadiusScale:1.0]]
[2022.01.06-01.05.52:334][  0]LogConfig: Setting CVar [[r.DepthOfFieldQuality:2]]
[2022.01.06-01.05.52:334][  0]LogConfig: Setting CVar [[r.RenderTargetPoolMin:400]]
[2022.01.06-01.05.52:334][  0]LogConfig: Setting CVar [[r.LensFlareQuality:2]]
[2022.01.06-01.05.52:334][  0]LogConfig: Setting CVar [[r.SceneColorFringeQuality:1]]
[2022.01.06-01.05.52:334][  0]LogConfig: Setting CVar [[r.EyeAdaptationQuality:2]]
[2022.01.06-01.05.52:334][  0]LogConfig: Setting CVar [[r.BloomQuality:5]]
[2022.01.06-01.05.52:334][  0]LogConfig: Setting CVar [[r.FastBlurThreshold:100]]
[2022.01.06-01.05.52:334][  0]LogConfig: Setting CVar [[r.Upscale.Quality:3]]
[2022.01.06-01.05.52:334][  0]LogConfig: Setting CVar [[r.Tonemapper.GrainQuantization:1]]
[2022.01.06-01.05.52:334][  0]LogConfig: Setting CVar [[r.LightShaftQuality:1]]
[2022.01.06-01.05.52:334][  0]LogConfig: Setting CVar [[r.Filter.SizeScale:1]]
[2022.01.06-01.05.52:334][  0]LogConfig: Setting CVar [[r.Tonemapper.Quality:5]]
[2022.01.06-01.05.52:334][  0]LogConfig: Setting CVar [[r.DOF.Gather.AccumulatorQuality:1        ; higher gathering accumulator quality]]
[2022.01.06-01.05.52:334][  0]LogConfig: Setting CVar [[r.DOF.Gather.PostfilterMethod:1          ; Median3x3 postfilering method]]
[2022.01.06-01.05.52:334][  0]LogConfig: Setting CVar [[r.DOF.Gather.EnableBokehSettings:0       ; no bokeh simulation when gathering]]
[2022.01.06-01.05.52:334][  0]LogConfig: Setting CVar [[r.DOF.Gather.RingCount:4                 ; medium number of samples when gathering]]
[2022.01.06-01.05.52:334][  0]LogConfig: Setting CVar [[r.DOF.Scatter.ForegroundCompositing:1    ; additive foreground scattering]]
[2022.01.06-01.05.52:334][  0]LogConfig: Setting CVar [[r.DOF.Scatter.BackgroundCompositing:2    ; additive background scattering]]
[2022.01.06-01.05.52:334][  0]LogConfig: Setting CVar [[r.DOF.Scatter.EnableBokehSettings:1      ; bokeh simulation when scattering]]
[2022.01.06-01.05.52:334][  0]LogConfig: Setting CVar [[r.DOF.Scatter.MaxSpriteRatio:0.1         ; only a maximum of 10% of scattered bokeh]]
[2022.01.06-01.05.52:334][  0]LogConfig: Setting CVar [[r.DOF.Recombine.Quality:1                ; cheap slight out of focus]]
[2022.01.06-01.05.52:334][  0]LogConfig: Setting CVar [[r.DOF.Recombine.EnableBokehSettings:0    ; no bokeh simulation on slight out of focus]]
[2022.01.06-01.05.52:334][  0]LogConfig: Setting CVar [[r.DOF.TemporalAAQuality:1                ; more stable temporal accumulation]]
[2022.01.06-01.05.52:334][  0]LogConfig: Setting CVar [[r.DOF.Kernel.MaxForegroundRadius:0.025]]
[2022.01.06-01.05.52:334][  0]LogConfig: Setting CVar [[r.DOF.Kernel.MaxBackgroundRadius:0.025]]
[2022.01.06-01.05.52:334][  0]LogConfig: Applying CVar settings from Section [TextureQuality@3] File [D:/UNREAL/GITHUB/IV_GrupoC/PracticaIV/Saved/Config/Windows/Scalability.ini]
[2022.01.06-01.05.52:334][  0]LogConfig: Setting CVar [[r.Streaming.MipBias:0]]
[2022.01.06-01.05.52:334][  0]LogConfig: Setting CVar [[r.Streaming.AmortizeCPUToGPUCopy:0]]
[2022.01.06-01.05.52:334][  0]LogConfig: Setting CVar [[r.Streaming.MaxNumTexturesToStreamPerFrame:0]]
[2022.01.06-01.05.52:334][  0]LogConfig: Setting CVar [[r.Streaming.Boost:1]]
[2022.01.06-01.05.52:334][  0]LogConfig: Setting CVar [[r.MaxAnisotropy:8]]
[2022.01.06-01.05.52:334][  0]LogConfig: Setting CVar [[r.VT.MaxAnisotropy:8]]
[2022.01.06-01.05.52:334][  0]LogConfig: Setting CVar [[r.Streaming.LimitPoolSizeToVRAM:0]]
[2022.01.06-01.05.52:334][  0]LogConfig: Setting CVar [[r.Streaming.PoolSize:1000]]
[2022.01.06-01.05.52:334][  0]LogConfig: Setting CVar [[r.Streaming.MaxEffectiveScreenSize:0]]
[2022.01.06-01.05.52:334][  0]LogConfig: Applying CVar settings from Section [EffectsQuality@3] File [D:/UNREAL/GITHUB/IV_GrupoC/PracticaIV/Saved/Config/Windows/Scalability.ini]
[2022.01.06-01.05.52:334][  0]LogConfig: Setting CVar [[r.TranslucencyLightingVolumeDim:64]]
[2022.01.06-01.05.52:334][  0]LogConfig: Setting CVar [[r.RefractionQuality:2]]
[2022.01.06-01.05.52:334][  0]LogConfig: Setting CVar [[r.SSR.Quality:3]]
[2022.01.06-01.05.52:334][  0]LogConfig: Setting CVar [[r.SSR.HalfResSceneColor:0]]
[2022.01.06-01.05.52:334][  0]LogConfig: Setting CVar [[r.SceneColorFormat:4]]
[2022.01.06-01.05.52:334][  0]LogConfig: Setting CVar [[r.DetailMode:2]]
[2022.01.06-01.05.52:334][  0]LogConfig: Setting CVar [[r.TranslucencyVolumeBlur:1]]
[2022.01.06-01.05.52:334][  0]LogConfig: Setting CVar [[r.MaterialQualityLevel:1 ; High quality]]
[2022.01.06-01.05.52:334][  0]LogConfig: Setting CVar [[r.AnisotropicMaterials:1]]
[2022.01.06-01.05.52:334][  0]LogConfig: Setting CVar [[r.SSS.Scale:1]]
[2022.01.06-01.05.52:334][  0]LogConfig: Setting CVar [[r.SSS.SampleSet:2]]
[2022.01.06-01.05.52:334][  0]LogConfig: Setting CVar [[r.SSS.Quality:1]]
[2022.01.06-01.05.52:334][  0]LogConfig: Setting CVar [[r.SSS.HalfRes:0]]
[2022.01.06-01.05.52:334][  0]LogConfig: Setting CVar [[r.SSGI.Quality:3]]
[2022.01.06-01.05.52:334][  0]LogConfig: Setting CVar [[r.EmitterSpawnRateScale:1.0]]
[2022.01.06-01.05.52:334][  0]LogConfig: Setting CVar [[r.ParticleLightQuality:2]]
[2022.01.06-01.05.52:334][  0]LogConfig: Setting CVar [[r.SkyAtmosphere.AerialPerspectiveLUT.FastApplyOnOpaque:1 ; Always have FastSkyLUT 1 in this case to avoid wrong sky]]
[2022.01.06-01.05.52:334][  0]LogConfig: Setting CVar [[r.SkyAtmosphere.AerialPerspectiveLUT.SampleCountMaxPerSlice:4]]
[2022.01.06-01.05.52:334][  0]LogConfig: Setting CVar [[r.SkyAtmosphere.AerialPerspectiveLUT.DepthResolution:16.0]]
[2022.01.06-01.05.52:334][  0]LogConfig: Setting CVar [[r.SkyAtmosphere.FastSkyLUT:1]]
[2022.01.06-01.05.52:335][  0]LogConfig: Setting CVar [[r.SkyAtmosphere.FastSkyLUT.SampleCountMin:4.0]]
[2022.01.06-01.05.52:335][  0]LogConfig: Setting CVar [[r.SkyAtmosphere.FastSkyLUT.SampleCountMax:128.0]]
[2022.01.06-01.05.52:335][  0]LogConfig: Setting CVar [[r.SkyAtmosphere.SampleCountMin:4.0]]
[2022.01.06-01.05.52:335][  0]LogConfig: Setting CVar [[r.SkyAtmosphere.SampleCountMax:128.0]]
[2022.01.06-01.05.52:335][  0]LogConfig: Setting CVar [[r.SkyAtmosphere.TransmittanceLUT.UseSmallFormat:0]]
[2022.01.06-01.05.52:335][  0]LogConfig: Setting CVar [[r.SkyAtmosphere.TransmittanceLUT.SampleCount:10.0]]
[2022.01.06-01.05.52:335][  0]LogConfig: Setting CVar [[r.SkyAtmosphere.MultiScatteringLUT.SampleCount:15.0]]
[2022.01.06-01.05.52:335][  0]LogConfig: Setting CVar [[r.SkyLight.RealTimeReflectionCapture:1]]
[2022.01.06-01.05.52:335][  0]LogConfig: Applying CVar settings from Section [FoliageQuality@3] File [D:/UNREAL/GITHUB/IV_GrupoC/PracticaIV/Saved/Config/Windows/Scalability.ini]
[2022.01.06-01.05.52:335][  0]LogConfig: Setting CVar [[foliage.DensityScale:1.0]]
[2022.01.06-01.05.52:335][  0]LogConfig: Setting CVar [[grass.DensityScale:1.0]]
[2022.01.06-01.05.52:335][  0]LogConfig: Applying CVar settings from Section [ShadingQuality@3] File [D:/UNREAL/GITHUB/IV_GrupoC/PracticaIV/Saved/Config/Windows/Scalability.ini]
[2022.01.06-01.05.52:335][  0]LogConfig: Setting CVar [[r.HairStrands.SkyLighting.IntegrationType:2]]
[2022.01.06-01.05.52:335][  0]LogConfig: Setting CVar [[r.HairStrands.SkyAO.SampleCount:4]]
[2022.01.06-01.05.52:335][  0]LogConfig: Setting CVar [[r.HairStrands.Visibility.MSAA.SamplePerPixel:4]]
[2022.01.06-01.05.52:335][  0]LogConfig: Applying CVar settings from Section [Startup] File [../../../Engine/Config/ConsoleVariables.ini]
[2022.01.06-01.05.52:335][  0]LogConfig: Setting CVar [[net.UseAdaptiveNetUpdateFrequency:0]]
[2022.01.06-01.05.52:335][  0]LogConfig: Setting CVar [[p.chaos.AllowCreatePhysxBodies:1]]
[2022.01.06-01.05.52:335][  0]LogConfig: Setting CVar [[fx.SkipVectorVMBackendOptimizations:1]]
[2022.01.06-01.05.52:335][  0]LogConfig: Applying CVar settings from Section [ConsoleVariables] File [D:/UNREAL/GITHUB/IV_GrupoC/PracticaIV/Saved/Config/Windows/Engine.ini]
[2022.01.06-01.05.52:335][  0]LogConfig: Applying CVar settings from Section [ConsoleVariables] File [D:/UNREAL/GITHUB/IV_GrupoC/PracticaIV/Saved/Config/Windows/Editor.ini]
[2022.01.06-01.05.52:335][  0]LogInit: Computer: WHEEZE
[2022.01.06-01.05.52:335][  0]LogInit: User: Laura
[2022.01.06-01.05.52:335][  0]LogInit: CPU Page size=4096, Cores=6
[2022.01.06-01.05.52:335][  0]LogInit: High frequency timer resolution =10.000000 MHz
[2022.01.06-01.05.52:335][  0]LogMemory: Memory total: Physical=15.9GB (16GB approx)
[2022.01.06-01.05.52:335][  0]LogMemory: Platform Memory Stats for Windows
[2022.01.06-01.05.52:335][  0]LogMemory: Process Physical Memory: 145.63 MB used, 145.63 MB peak
[2022.01.06-01.05.52:335][  0]LogMemory: Process Virtual Memory: 131.82 MB used, 131.82 MB peak
[2022.01.06-01.05.52:335][  0]LogMemory: Physical Memory: 10311.29 MB used,  5997.43 MB free, 16308.72 MB total
[2022.01.06-01.05.52:335][  0]LogMemory: Virtual Memory: 134215320.00 MB used,  2409.09 MB free, 134217728.00 MB total
[2022.01.06-01.05.52:339][  0]LogWindows: WindowsPlatformFeatures enabled
[2022.01.06-01.05.52:357][  0]LogInit: Physics initialised using underlying interface: PhysX
[2022.01.06-01.05.52:357][  0]LogInit: Overriding language with editor language configuration option (en).
[2022.01.06-01.05.52:357][  0]LogInit: Using OS detected locale (es-ES).
[2022.01.06-01.05.52:519][  0]LogInit: Setting process to per monitor DPI aware
[2022.01.06-01.05.52:530][  0]LogWindowsTextInputMethodSystem: Display: IME system deactivated.
[2022.01.06-01.05.52:540][  0]LogSlate: New Slate User Created.  User Index 0, Is Virtual User: 0
[2022.01.06-01.05.52:540][  0]LogSlate: Slate User Registered.  User Index 0, Is Virtual User: 0
[2022.01.06-01.05.52:630][  0]LogD3D11RHI: Loaded GFSDK_Aftermath_Lib.x64.dll
[2022.01.06-01.05.52:632][  0]LogHMD: Failed to initialize OpenVR with code 110
[2022.01.06-01.05.52:632][  0]LogD3D11RHI: D3D11 min allowed feature level: 11_0
[2022.01.06-01.05.52:632][  0]LogD3D11RHI: D3D11 max allowed feature level: 11_0
[2022.01.06-01.05.52:632][  0]LogD3D11RHI: D3D11 adapters:
[2022.01.06-01.05.52:702][  0]LogD3D11RHI:    0. 'NVIDIA GeForce GTX 1070' (Feature Level 11_0)
[2022.01.06-01.05.52:702][  0]LogD3D11RHI:       8088/0/8154 MB DedicatedVideo/DedicatedSystem/SharedSystem, Outputs:1, VendorId:0x10de
[2022.01.06-01.05.52:704][  0]LogD3D11RHI:    1. 'Microsoft Basic Render Driver' (Feature Level 11_0)
[2022.01.06-01.05.52:704][  0]LogD3D11RHI:       0/0/8154 MB DedicatedVideo/DedicatedSystem/SharedSystem, Outputs:0, VendorId:0x1414
[2022.01.06-01.05.52:704][  0]LogD3D11RHI: Chosen D3D11 Adapter:
[2022.01.06-01.05.52:704][  0]LogD3D11RHI:     Description : NVIDIA GeForce GTX 1070
[2022.01.06-01.05.52:704][  0]LogD3D11RHI:     VendorId    : 10de
[2022.01.06-01.05.52:704][  0]LogD3D11RHI:     DeviceId    : 1b81
[2022.01.06-01.05.52:704][  0]LogD3D11RHI:     SubSysId    : 82fb103c
[2022.01.06-01.05.52:704][  0]LogD3D11RHI:     Revision    : 00a1
[2022.01.06-01.05.52:704][  0]LogD3D11RHI:     DedicatedVideoMemory : 8480882688 bytes
[2022.01.06-01.05.52:704][  0]LogD3D11RHI:     DedicatedSystemMemory : 0 bytes
[2022.01.06-01.05.52:704][  0]LogD3D11RHI:     SharedSystemMemory : 8550467584 bytes
[2022.01.06-01.05.52:704][  0]LogD3D11RHI:     AdapterLuid : 0 60691
[2022.01.06-01.05.52:710][  0]LogD3D11RHI: Creating new Direct3DDevice
[2022.01.06-01.05.52:710][  0]LogD3D11RHI:     GPU DeviceId: 0x1b81 (for the marketing name, search the web for "GPU Device Id")
[2022.01.06-01.05.52:710][  0]LogWindows: EnumDisplayDevices:
[2022.01.06-01.05.52:710][  0]LogWindows:    0. 'NVIDIA GeForce GTX 1070' (P:1 D:1)
[2022.01.06-01.05.52:710][  0]LogWindows:    1. 'NVIDIA GeForce GTX 1070' (P:0 D:0)
[2022.01.06-01.05.52:710][  0]LogWindows:    2. 'NVIDIA GeForce GTX 1070' (P:0 D:0)
[2022.01.06-01.05.52:710][  0]LogWindows:    3. 'NVIDIA GeForce GTX 1070' (P:0 D:0)
[2022.01.06-01.05.52:711][  0]LogWindows: DebugString: FoundDriverCount:4 
[2022.01.06-01.05.52:711][  0]LogD3D11RHI:     Adapter Name: NVIDIA GeForce GTX 1070
[2022.01.06-01.05.52:711][  0]LogD3D11RHI:   Driver Version: 431.07 (internal:26.21.14.3107, unified:431.07)
[2022.01.06-01.05.52:711][  0]LogD3D11RHI:      Driver Date: 6-5-2019
[2022.01.06-01.05.52:711][  0]LogRHI: Texture pool is 5661 MB (70% of 8088 MB)
[2022.01.06-01.05.52:711][  0]LogD3D11RHI: Creating D3DDevice using adapter:
[2022.01.06-01.05.52:711][  0]LogD3D11RHI:     Description : NVIDIA GeForce GTX 1070
[2022.01.06-01.05.52:711][  0]LogD3D11RHI:     VendorId    : 10de
[2022.01.06-01.05.52:711][  0]LogD3D11RHI:     DeviceId    : 1b81
[2022.01.06-01.05.52:711][  0]LogD3D11RHI:     SubSysId    : 82fb103c
[2022.01.06-01.05.52:711][  0]LogD3D11RHI:     Revision    : 00a1
[2022.01.06-01.05.52:711][  0]LogD3D11RHI:     DedicatedVideoMemory : 8480882688 bytes
[2022.01.06-01.05.52:711][  0]LogD3D11RHI:     DedicatedSystemMemory : 0 bytes
[2022.01.06-01.05.52:711][  0]LogD3D11RHI:     SharedSystemMemory : 8550467584 bytes
[2022.01.06-01.05.52:711][  0]LogD3D11RHI:     AdapterLuid : 0 60691
[2022.01.06-01.05.52:754][  0]LogD3D11RHI: RHI has support for 64 bit atomics
[2022.01.06-01.05.52:754][  0]LogD3D11RHI: Async texture creation enabled
[2022.01.06-01.05.52:754][  0]LogD3D11RHI: Array index from any shader is supported
[2022.01.06-01.05.52:815][  0]LogD3D11RHI: GPU Timing Frequency: 1000.000000 (Debug: 2 1)
[2022.01.06-01.05.52:848][  0]LogRHI: GeForceNow SDK initialized: 1
[2022.01.06-01.05.53:083][  0]LogTargetPlatformManager: Display: Loaded TargetPlatform 'AllDesktop'
[2022.01.06-01.05.53:100][  0]LogTargetPlatformManager: Display: Loaded TargetPlatform 'Android'
[2022.01.06-01.05.53:100][  0]LogTargetPlatformManager: Display: Loaded TargetPlatform 'Android_ASTC'
[2022.01.06-01.05.53:100][  0]LogTargetPlatformManager: Display: Loaded TargetPlatform 'Android_DXT'
[2022.01.06-01.05.53:100][  0]LogTargetPlatformManager: Display: Loaded TargetPlatform 'Android_ETC2'
[2022.01.06-01.05.53:100][  0]LogTargetPlatformManager: Display: Loaded TargetPlatform 'AndroidClient'
[2022.01.06-01.05.53:100][  0]LogTargetPlatformManager: Display: Loaded TargetPlatform 'Android_ASTCClient'
[2022.01.06-01.05.53:100][  0]LogTargetPlatformManager: Display: Loaded TargetPlatform 'Android_DXTClient'
[2022.01.06-01.05.53:100][  0]LogTargetPlatformManager: Display: Loaded TargetPlatform 'Android_ETC2Client'
[2022.01.06-01.05.53:100][  0]LogTargetPlatformManager: Display: Loaded TargetPlatform 'Android_Multi'
[2022.01.06-01.05.53:100][  0]LogTargetPlatformManager: Display: Loaded TargetPlatform 'Android_MultiClient'
[2022.01.06-01.05.53:113][  0]LogTargetPlatformManager: Display: Loaded TargetPlatform 'IOSClient'
[2022.01.06-01.05.53:113][  0]LogTargetPlatformManager: Display: Loaded TargetPlatform 'IOS'
[2022.01.06-01.05.53:120][  0]LogTargetPlatformManager: Display: Loaded TargetPlatform 'Linux'
[2022.01.06-01.05.53:123][  0]LogTargetPlatformManager: Display: Loaded TargetPlatform 'LinuxNoEditor'
[2022.01.06-01.05.53:127][  0]LogTargetPlatformManager: Display: Loaded TargetPlatform 'LinuxClient'
[2022.01.06-01.05.53:130][  0]LogTargetPlatformManager: Display: Loaded TargetPlatform 'LinuxServer'
[2022.01.06-01.05.53:136][  0]LogTargetPlatformManager: Display: Loaded TargetPlatform 'LinuxAArch64NoEditor'
[2022.01.06-01.05.53:140][  0]LogTargetPlatformManager: Display: Loaded TargetPlatform 'LinuxAArch64Client'
[2022.01.06-01.05.53:143][  0]LogTargetPlatformManager: Display: Loaded TargetPlatform 'LinuxAArch64Server'
[2022.01.06-01.05.53:160][  0]LogTargetPlatformManager: Display: Loaded TargetPlatform 'Lumin'
[2022.01.06-01.05.53:160][  0]LogTargetPlatformManager: Display: Loaded TargetPlatform 'LuminClient'
[2022.01.06-01.05.53:166][  0]LogTargetPlatformManager: Display: Loaded TargetPlatform 'MacNoEditor'
[2022.01.06-01.05.53:170][  0]LogTargetPlatformManager: Display: Loaded TargetPlatform 'Mac'
[2022.01.06-01.05.53:173][  0]LogTargetPlatformManager: Display: Loaded TargetPlatform 'MacClient'
[2022.01.06-01.05.53:176][  0]LogTargetPlatformManager: Display: Loaded TargetPlatform 'MacServer'
[2022.01.06-01.05.53:184][  0]LogTargetPlatformManager: Display: Loaded TargetPlatform 'TVOSClient'
[2022.01.06-01.05.53:184][  0]LogTargetPlatformManager: Display: Loaded TargetPlatform 'TVOS'
[2022.01.06-01.05.53:190][  0]LogTargetPlatformManager: Display: Loaded TargetPlatform 'WindowsNoEditor'
[2022.01.06-01.05.53:194][  0]LogTargetPlatformManager: Display: Loaded TargetPlatform 'Windows'
[2022.01.06-01.05.53:197][  0]LogTargetPlatformManager: Display: Loaded TargetPlatform 'WindowsClient'
[2022.01.06-01.05.53:200][  0]LogTargetPlatformManager: Display: Loaded TargetPlatform 'WindowsServer'
[2022.01.06-01.05.53:200][  0]LogTargetPlatformManager: Display: Building Assets For Windows
[2022.01.06-01.05.53:205][  0]LogAudioDebug: Display: Lib vorbis DLL was dynamically loaded.
[2022.01.06-01.05.53:224][  0]LogTextureFormatOodle: Display: Oodle Texture 2.9.0 init RDO Off
[2022.01.06-01.05.53:246][  0]LogRendererCore: Ray tracing is disabled. Reason: r.RayTracing=0.
[2022.01.06-01.05.53:246][  0]LogShaderCompilers: Guid format shader working directory is 4 characters bigger than the processId version (../../../../../GITHUB/IV_GrupoC/PracticaIV/Intermediate/Shaders/WorkingDirectory/1756/).
[2022.01.06-01.05.53:246][  0]LogShaderCompilers: Cleaned the shader compiler working directory 'C:/Users/Laura/AppData/Local/Temp/UnrealShaderWorkingDir/21C5CB7A4BB3A30100F0539664A204BA/'.
[2022.01.06-01.05.53:246][  0]LogXGEController: Cannot use XGE Controller as Incredibuild is not installed on this machine.
[2022.01.06-01.05.53:246][  0]LogShaderCompilers: Cannot use XGE Shader Compiler as Incredibuild is not installed on this machine.
[2022.01.06-01.05.53:246][  0]LogShaderCompilers: Display: Using Local Shader Compiler.
[2022.01.06-01.05.53:871][  0]LogDerivedDataCache: Display: Max Cache Size: 512 MB
[2022.01.06-01.05.53:930][  0]LogDerivedDataCache: Loaded boot cache 0.06s 94MB C:/Users/Laura/AppData/Local/UnrealEngine/4.27/DerivedDataCache/Boot.ddc.
[2022.01.06-01.05.53:930][  0]LogDerivedDataCache: Display: Loaded Boot cache: C:/Users/Laura/AppData/Local/UnrealEngine/4.27/DerivedDataCache/Boot.ddc
[2022.01.06-01.05.53:930][  0]LogDerivedDataCache: FDerivedDataBackendGraph:  Pak pak cache file ../../../../../GITHUB/IV_GrupoC/PracticaIV/DerivedDataCache/DDC.ddp not found, will not use a pak cache.
[2022.01.06-01.05.53:930][  0]LogDerivedDataCache: Unable to find inner node Pak for hierarchical cache Hierarchy.
[2022.01.06-01.05.53:930][  0]LogDerivedDataCache: FDerivedDataBackendGraph:  CompressedPak pak cache file ../../../../../GITHUB/IV_GrupoC/PracticaIV/DerivedDataCache/Compressed.ddp not found, will not use a pak cache.
[2022.01.06-01.05.53:930][  0]LogDerivedDataCache: Unable to find inner node CompressedPak for hierarchical cache Hierarchy.
[2022.01.06-01.05.53:945][  0]LogDerivedDataCache: Display: Pak cache opened for reading ../../../Engine/DerivedDataCache/Compressed.ddp.
[2022.01.06-01.05.53:945][  0]LogDerivedDataCache: FDerivedDataBackendGraph:  EnterprisePak pak cache file ../../../Enterprise/DerivedDataCache/Compressed.ddp not found, will not use a pak cache.
[2022.01.06-01.05.53:945][  0]LogDerivedDataCache: Unable to find inner node EnterprisePak for hierarchical cache Hierarchy.
[2022.01.06-01.05.53:950][  0]LogDerivedDataCache: Speed tests for C:/Users/Laura/AppData/Local/UnrealEngine/Common/DerivedDataCache took 0.01 seconds
[2022.01.06-01.05.53:950][  0]LogDerivedDataCache: Display: Performance to C:/Users/Laura/AppData/Local/UnrealEngine/Common/DerivedDataCache: Latency=0.03ms. RandomReadSpeed=1302.81MBs, RandomWriteSpeed=209.05MBs. Assigned SpeedClass 'Local'
[2022.01.06-01.05.53:951][  0]LogDerivedDataCache: Using Local data cache path C:/Users/Laura/AppData/Local/UnrealEngine/Common/DerivedDataCache: Writable
[2022.01.06-01.05.53:951][  0]LogDerivedDataCache: Shared data cache path not found in *engine.ini, will not use an Shared cache.
[2022.01.06-01.05.53:951][  0]LogDerivedDataCache: Unable to find inner node Shared for hierarchical cache Hierarchy.
[2022.01.06-01.05.53:991][  0]LogSlate: Using FreeType 2.10.0
[2022.01.06-01.05.53:992][  0]LogSlate: SlateFontServices - WITH_FREETYPE: 1, WITH_HARFBUZZ: 1
[2022.01.06-01.05.54:013][  0]LogAssetRegistry: FAssetRegistry took 0.0022 seconds to start up
[2022.01.06-01.05.54:201][  0]LogInit: Selected Device Profile: [Windows]
[2022.01.06-01.05.54:201][  0]LogInit: Active device profile: [000001EBFD20B300][000001EBF18B21C0 49] Windows
[2022.01.06-01.05.54:201][  0]LogInit: Profiles: [000001EBFD20B300][000001EBF18B21C0 49] Windows, [000001EBFE5A0F00][000001EBF18C6340 49] WindowsNoEditor, [000001EBFD208F00][000001EBFDEBC4C0 49] WindowsServer, [000001EBFE5A2A00][000001EBF18B6600 49] WindowsClient, [000001EBFD20A900][000001EBFDEC8740 49] IOS, [000001EBFE5A1900][000001EBFDF24880 49] iPadAir, [000001EBFD209800][000001EBFDF769C0 49] iPadAir2, [000001EBFE533800][000001EBFDFBCC80 49] IPadPro, [000001EBFE533900][000001EBFDFB8CC0 49] iPadAir3, [000001EBFD20A200][000001EBFDFE0E40 49] iPadAir4, [000001EBFE531400][000001EBFDFE4FC0 49] iPadMini2, [000001EBFD20BC00][000001EBF184B140 49] iPadMini3, [000001EBFE532400][000001EBF184F2C0 49] iPadMini4, [000001EBFD209100][000001EBF1853440 49] iPadMini5, [000001EBFE567100][000001EBF679D700 49] iPhone6, [000001EBFE567200][000001EBFDEC5740 49] iPodTouch6, [000001EBFE530600][000001EBF1701A00 49] iPhone7, [000001EBFE530400][000001EBF16FDA40 49] iPodTouch7, [000001EBFE565300][000001EBF1705BC0 49] iPhone5S, [000001EBFE530D00][000001EBF18561C0 49] iPhone6Plus, [000001EBFE566500][000001EBF1870340 49] iPhone6S, [000001EBFE533D00][000001EBF0F9E4C0 49] iPhone6SPlus, [000001EBFE567A00][000001EBF0FAE640 49] iPhone7Plus, [000001EBFE531900][000001EBFDF7A780 49] iPhoneSE, [000001EBFE564900][000001EBFF5828C0 49] iPhone8, [000001EBFE532600][000001EBFF586A00 49] iPhone8Plus, [000001EBFE566300][000001EBFF58AB40 49] iPhoneX, [000001EBFE532D00][000001EBFF592CC0 49] iPhoneXS, [000001EBFE567B00][000001EBFF596E40 49] iPhoneXSMax, [000001EBFE532C00][000001EBFF59AFC0 49] iPhoneXR, [000001EBFE567300][000001EBFF59F140 49] iPhone11, [000001EBFE533400][000001EBFF5A32C0 49] iPhone11Pro, [000001EBFE565500][000001EBFF5A7440 49] iPhone11ProMax, [000001EBFE530E00][000001EBFF5AB5C0 49] iPhoneSE2, [000001EBFE565200][000001EBFF5AF740 49] iPhone12Mini, [000001EBFE531B00][000001EBFF5B38C0 49] iPhone12, [000001EBFE565600][000001EBFF5C1A40 49] iPhone12Pro, [000001EBFE530800][000001EBFF5FDBC0 49] iPhone12ProMax, [000001EBFE564C00][000001EBFF6061C0 49] iPadPro105, [000001EBFE533E00][000001EBF1694340 49] iPadPro129, [000001EBFE565100][000001EBF16CC4C0 49] iPadPro97, [000001EBFE532A00][000001EBFE186640 49] iPadPro2_129, [000001EBFE566200][000001EBFE18A7C0 49] iPad5, [000001EBFE530900][000001EBFE18E940 49] iPad6, [000001EBFE565800][000001EBFF58EA80 49] iPad7, [000001EBFE531C00][000001EBFE192BC0 49] iPad8, [000001EBFE565A00][000001EBFE1D4D00 49] iPadPro11, [000001EBFE532500][000001EBFE1DCE80 49] iPadPro2_11, [000001EBFE566F00][000001EBFE1E1000 49] iPadPro3_129, [000001EBFE531700][000001EBFE1EF180 49] iPadPro4_129, [000001EBFE566900][000001EBFE1F3300 49] AppleTV, [000001EBFE533F00][000001EBFDFC1480 49] AppleTV4K, [000001EBFE564B00][000001EBFDFC5600 49] TVOS, [000001EBFE530A00][000001EBFDFC9780 49] Mac, [000001EBFE565E00][000001EBFDFCD900 49] MacClient, [000001EBFE533100][000001EBFDFD1A80 49] MacNoEditor, [000001EBFE567D00][000001EBFDFD5C00 49] MacServer, [000001EBFE530100][000001EBFDFD8200 49] Linux, [000001EBFE565D00][000001EBFE1E4380 49] LinuxAArch64, [000001EBFE530F00][000001EBFE196500 49] LinuxNoEditor, [000001EBFE5A2500][000001EBFDFDC680 49] LinuxAArch64NoEditor, [000001EBFD4B2300][000001EBF17FE800 49] LinuxClient, [000001EBFE5A1A00][000001EBF1802980 49] LinuxAArch64Client, [000001EBFD4B1B00][000001EBF1806B00 49] LinuxServer, [000001EBFE5A2F00][000001EBFE1D8C40 49] LinuxAArch64Server, [000001EBFD4B0300][000001EBF180AD80 49] Android, [000001EBFE5A2300][000001EBF180EEC0 49] Android_Low, [000001EBFD4B1C00][000001EBF1817040 49] Android_Mid, [000001EBFE5A1700][000001EBF181B1C0 49] Android_High, [000001EBFD4B0800][000001EBF181F340 49] Android_Default, [000001EBFE5A3200][000001EBF18234C0 49] Android_Adreno4xx, [000001EBFD4B1700][000001EBF1827640 49] Android_Adreno5xx_Low, [000001EBFE5A2800][000001EBF182B7C0 49] Android_Adreno5xx, [000001EBFD4B2100][000001EBF182F940 49] Android_Adreno6xx, [000001EBFE5A0D00][000001EBF1833AC0 49] Android_Adreno6xx_Vulkan, [000001EBFD4B2400][000001EBF18360C0 49] Android_Mali_T6xx, [000001EBFE5A2400][000001EBF183A240 49] Android_Mali_T7xx, [000001EBFD4B1F00][000001EBF183E3C0 49] Android_Mali_T8xx, [000001EBFE5A0500][000001EBF1842540 49] Android_Mali_G71, [000001EBFD4B2500][000001EBF18466C0 49] Android_Mali_G72, [000001EBFE530300][000001EBFF27E840 49] Android_Mali_G72_Vulkan, [000001EBFE564F00][000001EBFF2829C0 49] Android_Mali_G76, [000001EBFE532000][000001EBFF286B40 49] Android_Mali_G76_Vulkan, [000001EBFE564D00][000001EBFF28ACC0 49] Android_Mali_G77, [000001EBFE532900][000001EBF1812E00 49] Android_Mali_G77_Vulkan, [000001EBFE564700][000001EBFF28EF40 49] Android_Mali_G78, [000001EBFE530B00][000001EBFF293080 49] Android_Mali_G78_Vulkan, [000001EBFD4B0F00][000001EBFF2971C0 49] Android_Mali_G710, [000001EBFE530500][000001EBFF29F340 49] Android_Mali_G710_Vulkan, [000001EBFD4B0100][000001EBFF2A34C0 49] Android_Vulkan_SM5, [000001EBFE530700][000001EBFF2A7640 49] Android_PowerVR_G6xxx, [000001EBFD4B0400][000001EBFF2AB7C0 49] Android_PowerVR_GT7xxx, [000001EBFE532E00][000001EBFF2AF940 49] Android_PowerVR_GE8xxx, [000001EBFD4B1200][000001EBFF2B3AC0 49] Android_PowerVR_GM9xxx, [000001EBFE533300][000001EBFF2B60C0 49] Android_PowerVR_GM9xxx_Vulkan, [000001EBFD4B1500][000001EBFF2BA240 49] Android_TegraK1, [000001EBFE531E00][000001EBFF2BE3C0 49] Android_Unknown_Vulkan, [000001EBFD4B0200][000001EBFF2C2540 49] Lumin, [000001EBFE531200][000001EBFF2C66C0 49] Lumin_Desktop, [000001EBFD4B0700][000001EBFF2CA840 49] HoloLens, 
[2022.01.06-01.05.54:434][  0]LogMeshReduction: Using QuadricMeshReduction for automatic static mesh reduction
[2022.01.06-01.05.54:434][  0]LogMeshReduction: Using SimplygonMeshReduction for automatic skeletal mesh reduction
[2022.01.06-01.05.54:434][  0]LogMeshReduction: Using ProxyLODMeshReduction for automatic mesh merging
[2022.01.06-01.05.54:434][  0]LogMeshReduction: No distributed automatic mesh merging module available
[2022.01.06-01.05.54:434][  0]LogMeshMerging: No distributed automatic mesh merging module available
[2022.01.06-01.05.54:447][  0]LogNetVersion: PracticaIV 1.0.0, NetCL: 17155196, EngineNetVer: 17, GameNetVer: 0 (Checksum: 4111986490)
[2022.01.06-01.05.54:764][  0]LogTexture: Default maximum texture size for cubemaps generated from long-lat sources has been changed from 512 to unlimited. In order to preserve old behaiour for '/Engine/MapTemplates/Sky/DaylightAmbientCubemap.DaylightAmbientCubemap', its maximum texture size has been explicitly set to 512.
[2022.01.06-01.05.54:817][  0]LogHMD: PokeAHoleMaterial loaded successfully
[2022.01.06-01.05.54:821][  0]LogUObjectArray: 17178 objects as part of root set at end of initial load.
[2022.01.06-01.05.54:821][  0]LogUObjectAllocator: 4302048 out of 0 bytes used by permanent object pool.
[2022.01.06-01.05.54:821][  0]LogUObjectArray: CloseDisregardForGC: 0/0 objects in disregard for GC pool
[2022.01.06-01.05.55:010][  0]LogNiagaraDebuggerClient: Niagara Debugger Client Initialized | Session: 96D0D8B74F553E9BE2FB58B1DCB080BE | Instance: 3B29EFE7466409511660E4B076AFAA59 (WHEEZE-1756).
[2022.01.06-01.05.55:035][  0]LogPython: Using Python 3.7.7
[2022.01.06-01.05.55:547][  0]LogUdpMessaging: Initializing bridge on interface 0.0.0.0:0 to multicast group 230.0.0.1:6666.
[2022.01.06-01.05.55:552][  0]LogTcpMessaging: Initializing TcpMessaging bridge
[2022.01.06-01.05.55:650][  0]SourceControl: Source control is disabled
[2022.01.06-01.05.55:650][  0]SourceControl: Source control is disabled
[2022.01.06-01.05.55:652][  0]SourceControl: Source control is disabled
[2022.01.06-01.05.55:657][  0]SourceControl: Source control is disabled
[2022.01.06-01.05.55:663][  0]LogUProjectInfo: Found projects:
[2022.01.06-01.05.55:668][  0]SourceControl: Source control is disabled
[2022.01.06-01.05.55:795][  0]LogOpenImageDenoise: OIDN starting up
[2022.01.06-01.05.55:842][  0]LogAndroidPermission: UAndroidPermissionCallbackProxy::GetInstance
[2022.01.06-01.05.55:853][  0]LogAudioCaptureCore: Display: No Audio Capture implementations found. Audio input will be silent.
[2022.01.06-01.05.55:853][  0]LogAudioCaptureCore: Display: No Audio Capture implementations found. Audio input will be silent.
[2022.01.06-01.05.55:948][  0]LogCollectionManager: Loaded 0 collections in 0.000574 seconds
[2022.01.06-01.05.55:965][  0]LogFileCache: Scanning file cache for directory 'D:/UNREAL/GITHUB/IV_GrupoC/PracticaIV/Saved/Collections/' took 0.00s
[2022.01.06-01.05.55:965][  0]LogFileCache: Scanning file cache for directory 'D:/UNREAL/GITHUB/IV_GrupoC/PracticaIV/Content/Developers/Laura/Collections/' took 0.00s
[2022.01.06-01.05.55:965][  0]LogFileCache: Scanning file cache for directory 'D:/UNREAL/GITHUB/IV_GrupoC/PracticaIV/Content/Collections/' took 0.00s
[2022.01.06-01.05.55:965][  0]LogOcInput: OculusInput pre-init called
[2022.01.06-01.05.56:169][  0]LogEngine: Initializing Engine...
[2022.01.06-01.05.56:170][  0]LogHMD: Failed to enumerate extensions. Please check that you have a valid OpenXR runtime installed.
[2022.01.06-01.05.56:170][  0]LogHMD: Failed to initialize OpenVR with code 110
[2022.01.06-01.05.56:170][  0]LogMagicLeap: Warning: VR disabled because ZI is not enabled.  To enable, in the editor, Edit -> Project Settings -> Plugins -> Magic Leap Plugin -> Enable Zero Iteration
[2022.01.06-01.05.56:171][  0]LogStats: UGameplayTagsManager::InitializeManager -  0.000 s
[2022.01.06-01.05.56:266][  0]LogInit: Initializing FReadOnlyCVARCache
[2022.01.06-01.05.56:271][  0]LogAIModule: Creating AISystem for world Untitled
[2022.01.06-01.05.56:285][  0]LogAudio: Display: Initializing Audio Device Manager...
[2022.01.06-01.05.56:288][  0]LogAudio: Display: Loading Default Audio Settings Objects...
[2022.01.06-01.05.56:288][  0]LogAudio: Display: No default SoundConcurrencyObject specified (or failed to load).
[2022.01.06-01.05.56:289][  0]LogAudio: Display: Audio Device Manager Initialized
[2022.01.06-01.05.56:289][  0]LogAudio: Display: Creating Audio Device:                 Id: 1, Scope: Shared, Realtime: True
[2022.01.06-01.05.56:289][  0]LogAudioMixer: Display: Audio Mixer Platform Settings:
[2022.01.06-01.05.56:289][  0]LogAudioMixer: Display: 	Sample Rate:						  48000
[2022.01.06-01.05.56:289][  0]LogAudioMixer: Display: 	Callback Buffer Frame Size Requested: 1024
[2022.01.06-01.05.56:289][  0]LogAudioMixer: Display: 	Callback Buffer Frame Size To Use:	  1024
[2022.01.06-01.05.56:289][  0]LogAudioMixer: Display: 	Number of buffers to queue:			  2
[2022.01.06-01.05.56:289][  0]LogAudioMixer: Display: 	Max Channels (voices):				  32
[2022.01.06-01.05.56:289][  0]LogAudioMixer: Display: 	Number of Async Source Workers:		  0
[2022.01.06-01.05.56:289][  0]LogAudio: Display: AudioDevice MaxSources: 32
[2022.01.06-01.05.56:289][  0]LogAudio: Display: Audio Spatialization Plugin: None (built-in).
[2022.01.06-01.05.56:289][  0]LogAudio: Display: Audio Reverb Plugin: None (built-in).
[2022.01.06-01.05.56:289][  0]LogAudio: Display: Audio Occlusion Plugin: None (built-in).
[2022.01.06-01.05.56:289][  0]LogAudioMixer: Display: Initializing audio mixer.
[2022.01.06-01.05.56:299][  0]LogAudioMixer: Display: 0: FrontLeft
[2022.01.06-01.05.56:299][  0]LogAudioMixer: Display: 1: FrontRight
[2022.01.06-01.05.56:311][  0]LogAudioMixer: Display: Using Audio Device Auriculares (Bose SoundSport Stereo)
[2022.01.06-01.05.56:316][  0]LogAudioMixer: Display: Initializing Sound Submixes...
[2022.01.06-01.05.56:317][  0]LogAudioMixer: Display: Creating Master Submix 'MasterSubmixDefault'
[2022.01.06-01.05.56:317][  0]LogAudioMixer: Display: Creating Master Submix 'MasterReverbSubmixDefault'
[2022.01.06-01.05.56:318][  0]LogAudioMixer: Display: Creating Master Submix 'MasterEQSubmixDefault'
[2022.01.06-01.05.56:318][  0]LogAudioMixer: FMixerPlatformXAudio2::StartAudioStream() called
[2022.01.06-01.05.56:318][  0]LogAudioMixer: Display: Output buffers initialized: Frames=1024, Channels=2, Samples=2048
[2022.01.06-01.05.56:318][  0]LogAudioMixer: Display: Starting AudioMixerPlatformInterface::RunInternal()
[2022.01.06-01.05.56:318][  0]LogAudioMixer: Display: FMixerPlatformXAudio2::SubmitBuffer() called for the first time
[2022.01.06-01.05.56:318][  0]LogInit: FAudioDevice initialized.
[2022.01.06-01.05.56:319][  0]LogAudio: Display: Audio Device (ID: 1) registered with world 'Untitled'.
[2022.01.06-01.05.56:319][  0]LogNetVersion: Set ProjectVersion to 1.0.0.0. Version Checksum will be recalculated on next use.
[2022.01.06-01.05.56:390][  0]LogDerivedDataCache: Saved boot cache 0.07s 94MB C:/Users/Laura/AppData/Local/UnrealEngine/4.27/DerivedDataCache/Boot.ddc.
[2022.01.06-01.05.56:390][  0]LogInit: Texture streaming: Enabled
[2022.01.06-01.05.56:399][  0]LogAnalytics: Display: [UEEditor.Rocket.Release] APIServer = https://datarouter.ol.epicgames.com/. AppVersion = 4.27.2-18319896+++UE4+Release-4.27
[2022.01.06-01.05.56:401][  0]LogEngineSessionManager: EngineSessionManager initialized
[2022.01.06-01.05.56:401][  0]LogEditorSessionSummary: Verbose: Initializing EditorSessionSummaryWriter for editor session tracking
[2022.01.06-01.05.56:403][  0]LogEditorSessionSummary: EditorSessionSummaryWriter initialized
[2022.01.06-01.05.56:419][  0]LogInit: Transaction tracking system initialized
[2022.01.06-01.05.56:433][  0]BlueprintLog: New page: Editor Load
[2022.01.06-01.05.56:474][  0]LocalizationService: Localization service is disabled
[2022.01.06-01.05.56:489][  0]TimingProfiler: Initialize
[2022.01.06-01.05.56:489][  0]TimingProfiler: OnSessionChanged
[2022.01.06-01.05.56:489][  0]LoadingProfiler: Initialize
[2022.01.06-01.05.56:489][  0]LoadingProfiler: OnSessionChanged
[2022.01.06-01.05.56:489][  0]NetworkingProfiler: Initialize
[2022.01.06-01.05.56:489][  0]NetworkingProfiler: OnSessionChanged
[2022.01.06-01.05.56:489][  0]MemoryProfiler: Initialize
[2022.01.06-01.05.56:489][  0]MemoryProfiler: OnSessionChanged
[2022.01.06-01.05.56:587][  0]LogCook: Display: CookSettings for Memory: MemoryMaxUsedVirtual 0MiB, MemoryMaxUsedPhysical 16384MiB, MemoryMinFreeVirtual 0MiB, MemoryMinFreePhysical 1024MiB
[2022.01.06-01.05.56:587][  0]LogCook: Display: Mobile HDR setting 1
[2022.01.06-01.05.56:717][  0]LogFileCache: Scanning file cache for directory 'D:/UNREAL/GITHUB/IV_GrupoC/PracticaIV/Content/' took 0.00s
[2022.01.06-01.05.56:881][  0]LogInit: Display: Engine is initialized. Leaving FEngineLoop::Init()
[2022.01.06-01.05.56:884][  0]SourceControl: Source control is disabled
[2022.01.06-01.05.56:884][  0]LogUnrealEdMisc: Loading editor; pre map load, took 5.339
[2022.01.06-01.05.56:884][  0]Cmd: MAP LOAD FILE="../../../../../GITHUB/IV_GrupoC/PracticaIV/Content/FirstPersonBP/Maps/FirstPersonExampleMap.umap" TEMPLATE=0 SHOWPROGRESS=1 FEATURELEVEL=3
[2022.01.06-01.05.56:884][  0]LightingResults: New page: Lighting Build
[2022.01.06-01.05.56:885][  0]LogWorld: UWorld::CleanupWorld for Untitled, bSessionEnded=true, bCleanupResources=true
[2022.01.06-01.05.56:885][  0]LogSlate: InvalidateAllWidgets triggered.  All widgets were invalidated
[2022.01.06-01.05.56:885][  0]MapCheck: New page: Map Check
[2022.01.06-01.05.56:885][  0]LightingResults: New page: Lighting Build
[2022.01.06-01.05.56:890][  0]LogAudio: Display: Audio Device unregistered from world 'None'.
[2022.01.06-01.05.56:892][  0]LogUObjectHash: Compacting FUObjectHashTables data took   0.78ms
[2022.01.06-01.05.57:165][  0]LogAudio: Display: Audio Device (ID: 1) registered with world 'FirstPersonExampleMap'.
[2022.01.06-01.05.57:166][  0]LogAIModule: Creating AISystem for world FirstPersonExampleMap
[2022.01.06-01.05.57:182][  0]LogEditorServer: Finished looking for orphan Actors (0.000 secs)
[2022.01.06-01.05.57:192][  0]LogUObjectHash: Compacting FUObjectHashTables data took   1.21ms
[2022.01.06-01.05.57:192][  0]Cmd: MAP CHECKDEP NOCLEARLOG
[2022.01.06-01.05.57:192][  0]MapCheck: Map check complete: 0 Error(s), 0 Warning(s), took 0,1ms to complete.
[2022.01.06-01.05.57:192][  0]LogFileHelpers: Loading map 'FirstPersonExampleMap' took 0.309
[2022.01.06-01.05.57:194][  0]LogUnrealEdMisc: Total Editor Startup Time, took 5.649
[2022.01.06-01.05.57:304][  0]LogSlate: Updating window title bar state: overlay mode, drag disabled, window buttons hidden, title bar hidden
[2022.01.06-01.05.57:310][  0]LogSlate: Updating window title bar state: overlay mode, drag disabled, window buttons hidden, title bar hidden
[2022.01.06-01.05.57:315][  0]LogSlate: Updating window title bar state: overlay mode, drag disabled, window buttons hidden, title bar hidden
[2022.01.06-01.05.57:320][  0]LogSlate: Updating window title bar state: overlay mode, drag disabled, window buttons hidden, title bar hidden
[2022.01.06-01.05.57:331][  0]LogNativeClassHierarchy: Verbose: Native class hierarchy populated in 0.0079 seconds. Added 3822 classes and 928 folders.
[2022.01.06-01.05.57:332][  0]LogNativeClassHierarchy: Verbose: Native class hierarchy updated for 'WidgetCarousel' in 0.0002 seconds. Added 0 classes and 0 folders.
[2022.01.06-01.05.57:334][  0]LogPakFile: PakFile PrimaryIndexSize=187
[2022.01.06-01.05.57:334][  0]LogPakFile: PakFile PathHashIndexSize=101
[2022.01.06-01.05.57:334][  0]LogPakFile: PakFile FullDirectoryIndexSize=148
[2022.01.06-01.05.57:334][  0]LogShaderLibrary: Display: ShaderCodeLibraryPakFileMountedCallback: PakFile 'D:/UNREAL/Epic Games/UE_4.27/FeaturePacks/FP_FirstPerson.upack' (chunk index -1, root 'root:/') mounted
[2022.01.06-01.05.57:334][  0]LogShaderLibrary: Display: ShaderCodeLibraryPakFileMountedCallback: pending pak file info (ChunkID:-1 Root:root:/ File:D:/UNREAL/Epic Games/UE_4.27/FeaturePacks/FP_FirstPerson.upack)
[2022.01.06-01.05.57:334][  0]LogPakFile: OnPakFileMounted2Time == 0.000048
[2022.01.06-01.05.57:334][  0]LogPakFile: PakFile PrimaryIndexSize=189
[2022.01.06-01.05.57:334][  0]LogPakFile: PakFile PathHashIndexSize=101
[2022.01.06-01.05.57:334][  0]LogPakFile: PakFile FullDirectoryIndexSize=152
[2022.01.06-01.05.57:334][  0]LogShaderLibrary: Display: ShaderCodeLibraryPakFileMountedCallback: PakFile 'D:/UNREAL/Epic Games/UE_4.27/FeaturePacks/FP_FirstPersonBP.upack' (chunk index -1, root 'root:/') mounted
[2022.01.06-01.05.57:334][  0]LogShaderLibrary: Display: ShaderCodeLibraryPakFileMountedCallback: pending pak file info (ChunkID:-1 Root:root:/ File:D:/UNREAL/Epic Games/UE_4.27/FeaturePacks/FP_FirstPersonBP.upack)
[2022.01.06-01.05.57:334][  0]LogPakFile: OnPakFileMounted2Time == 0.000033
[2022.01.06-01.05.57:335][  0]LogPakFile: PakFile PrimaryIndexSize=191
[2022.01.06-01.05.57:335][  0]LogPakFile: PakFile PathHashIndexSize=101
[2022.01.06-01.05.57:335][  0]LogPakFile: PakFile FullDirectoryIndexSize=160
[2022.01.06-01.05.57:335][  0]LogShaderLibrary: Display: ShaderCodeLibraryPakFileMountedCallback: PakFile 'D:/UNREAL/Epic Games/UE_4.27/FeaturePacks/MobileStarterContent.upack' (chunk index -1, root 'root:/') mounted
[2022.01.06-01.05.57:335][  0]LogShaderLibrary: Display: ShaderCodeLibraryPakFileMountedCallback: pending pak file info (ChunkID:-1 Root:root:/ File:D:/UNREAL/Epic Games/UE_4.27/FeaturePacks/MobileStarterContent.upack)
[2022.01.06-01.05.57:335][  0]LogPakFile: OnPakFileMounted2Time == 0.000029
[2022.01.06-01.05.57:335][  0]LogPakFile: PakFile PrimaryIndexSize=185
[2022.01.06-01.05.57:335][  0]LogPakFile: PakFile PathHashIndexSize=101
[2022.01.06-01.05.57:335][  0]LogPakFile: PakFile FullDirectoryIndexSize=148
[2022.01.06-01.05.57:335][  0]LogShaderLibrary: Display: ShaderCodeLibraryPakFileMountedCallback: PakFile 'D:/UNREAL/Epic Games/UE_4.27/FeaturePacks/StarterContent.upack' (chunk index -1, root 'root:/') mounted
[2022.01.06-01.05.57:335][  0]LogShaderLibrary: Display: ShaderCodeLibraryPakFileMountedCallback: pending pak file info (ChunkID:-1 Root:root:/ File:D:/UNREAL/Epic Games/UE_4.27/FeaturePacks/StarterContent.upack)
[2022.01.06-01.05.57:335][  0]LogPakFile: OnPakFileMounted2Time == 0.000030
[2022.01.06-01.05.57:336][  0]LogPakFile: PakFile PrimaryIndexSize=190
[2022.01.06-01.05.57:336][  0]LogPakFile: PakFile PathHashIndexSize=101
[2022.01.06-01.05.57:336][  0]LogPakFile: PakFile FullDirectoryIndexSize=154
[2022.01.06-01.05.57:336][  0]LogShaderLibrary: Display: ShaderCodeLibraryPakFileMountedCallback: PakFile 'D:/UNREAL/Epic Games/UE_4.27/FeaturePacks/TP_2DSideScroller.upack' (chunk index -1, root 'root:/') mounted
[2022.01.06-01.05.57:336][  0]LogShaderLibrary: Display: ShaderCodeLibraryPakFileMountedCallback: pending pak file info (ChunkID:-1 Root:root:/ File:D:/UNREAL/Epic Games/UE_4.27/FeaturePacks/TP_2DSideScroller.upack)
[2022.01.06-01.05.57:336][  0]LogPakFile: OnPakFileMounted2Time == 0.000029
[2022.01.06-01.05.57:336][  0]LogPakFile: PakFile PrimaryIndexSize=192
[2022.01.06-01.05.57:336][  0]LogPakFile: PakFile PathHashIndexSize=101
[2022.01.06-01.05.57:336][  0]LogPakFile: PakFile FullDirectoryIndexSize=158
[2022.01.06-01.05.57:336][  0]LogShaderLibrary: Display: ShaderCodeLibraryPakFileMountedCallback: PakFile 'D:/UNREAL/Epic Games/UE_4.27/FeaturePacks/TP_2DSideScrollerBP.upack' (chunk index -1, root 'root:/') mounted
[2022.01.06-01.05.57:336][  0]LogShaderLibrary: Display: ShaderCodeLibraryPakFileMountedCallback: pending pak file info (ChunkID:-1 Root:root:/ File:D:/UNREAL/Epic Games/UE_4.27/FeaturePacks/TP_2DSideScrollerBP.upack)
[2022.01.06-01.05.57:336][  0]LogPakFile: OnPakFileMounted2Time == 0.000029
[2022.01.06-01.05.57:336][  0]LogPakFile: PakFile PrimaryIndexSize=182
[2022.01.06-01.05.57:336][  0]LogPakFile: PakFile PathHashIndexSize=101
[2022.01.06-01.05.57:336][  0]LogPakFile: PakFile FullDirectoryIndexSize=138
[2022.01.06-01.05.57:336][  0]LogShaderLibrary: Display: ShaderCodeLibraryPakFileMountedCallback: PakFile 'D:/UNREAL/Epic Games/UE_4.27/FeaturePacks/TP_Flying.upack' (chunk index -1, root 'root:/') mounted
[2022.01.06-01.05.57:336][  0]LogShaderLibrary: Display: ShaderCodeLibraryPakFileMountedCallback: pending pak file info (ChunkID:-1 Root:root:/ File:D:/UNREAL/Epic Games/UE_4.27/FeaturePacks/TP_Flying.upack)
[2022.01.06-01.05.57:336][  0]LogPakFile: OnPakFileMounted2Time == 0.000029
[2022.01.06-01.05.57:337][  0]LogPakFile: PakFile PrimaryIndexSize=184
[2022.01.06-01.05.57:337][  0]LogPakFile: PakFile PathHashIndexSize=101
[2022.01.06-01.05.57:337][  0]LogPakFile: PakFile FullDirectoryIndexSize=142
[2022.01.06-01.05.57:337][  0]LogShaderLibrary: Display: ShaderCodeLibraryPakFileMountedCallback: PakFile 'D:/UNREAL/Epic Games/UE_4.27/FeaturePacks/TP_FlyingBP.upack' (chunk index -1, root 'root:/') mounted
[2022.01.06-01.05.57:337][  0]LogShaderLibrary: Display: ShaderCodeLibraryPakFileMountedCallback: pending pak file info (ChunkID:-1 Root:root:/ File:D:/UNREAL/Epic Games/UE_4.27/FeaturePacks/TP_FlyingBP.upack)
[2022.01.06-01.05.57:337][  0]LogPakFile: OnPakFileMounted2Time == 0.000029
[2022.01.06-01.05.57:337][  0]LogPakFile: PakFile PrimaryIndexSize=188
[2022.01.06-01.05.57:337][  0]LogPakFile: PakFile PathHashIndexSize=101
[2022.01.06-01.05.57:337][  0]LogPakFile: PakFile FullDirectoryIndexSize=150
[2022.01.06-01.05.57:337][  0]LogShaderLibrary: Display: ShaderCodeLibraryPakFileMountedCallback: PakFile 'D:/UNREAL/Epic Games/UE_4.27/FeaturePacks/TP_HandheldARBP.upack' (chunk index -1, root 'root:/') mounted
[2022.01.06-01.05.57:337][  0]LogShaderLibrary: Display: ShaderCodeLibraryPakFileMountedCallback: pending pak file info (ChunkID:-1 Root:root:/ File:D:/UNREAL/Epic Games/UE_4.27/FeaturePacks/TP_HandheldARBP.upack)
[2022.01.06-01.05.57:337][  0]LogPakFile: OnPakFileMounted2Time == 0.000029
[2022.01.06-01.05.57:337][  0]LogPakFile: PakFile PrimaryIndexSize=182
[2022.01.06-01.05.57:337][  0]LogPakFile: PakFile PathHashIndexSize=101
[2022.01.06-01.05.57:337][  0]LogPakFile: PakFile FullDirectoryIndexSize=138
[2022.01.06-01.05.57:337][  0]LogShaderLibrary: Display: ShaderCodeLibraryPakFileMountedCallback: PakFile 'D:/UNREAL/Epic Games/UE_4.27/FeaturePacks/TP_Puzzle.upack' (chunk index -1, root 'root:/') mounted
[2022.01.06-01.05.57:337][  0]LogShaderLibrary: Display: ShaderCodeLibraryPakFileMountedCallback: pending pak file info (ChunkID:-1 Root:root:/ File:D:/UNREAL/Epic Games/UE_4.27/FeaturePacks/TP_Puzzle.upack)
[2022.01.06-01.05.57:337][  0]LogPakFile: OnPakFileMounted2Time == 0.000030
[2022.01.06-01.05.57:337][  0]LogPakFile: PakFile PrimaryIndexSize=184
[2022.01.06-01.05.57:337][  0]LogPakFile: PakFile PathHashIndexSize=101
[2022.01.06-01.05.57:337][  0]LogPakFile: PakFile FullDirectoryIndexSize=142
[2022.01.06-01.05.57:337][  0]LogShaderLibrary: Display: ShaderCodeLibraryPakFileMountedCallback: PakFile 'D:/UNREAL/Epic Games/UE_4.27/FeaturePacks/TP_PuzzleBP.upack' (chunk index -1, root 'root:/') mounted
[2022.01.06-01.05.57:338][  0]LogShaderLibrary: Display: ShaderCodeLibraryPakFileMountedCallback: pending pak file info (ChunkID:-1 Root:root:/ File:D:/UNREAL/Epic Games/UE_4.27/FeaturePacks/TP_PuzzleBP.upack)
[2022.01.06-01.05.57:338][  0]LogPakFile: OnPakFileMounted2Time == 0.000032
[2022.01.06-01.05.57:338][  0]LogPakFile: PakFile PrimaryIndexSize=183
[2022.01.06-01.05.57:338][  0]LogPakFile: PakFile PathHashIndexSize=101
[2022.01.06-01.05.57:338][  0]LogPakFile: PakFile FullDirectoryIndexSize=140
[2022.01.06-01.05.57:338][  0]LogShaderLibrary: Display: ShaderCodeLibraryPakFileMountedCallback: PakFile 'D:/UNREAL/Epic Games/UE_4.27/FeaturePacks/TP_Rolling.upack' (chunk index -1, root 'root:/') mounted
[2022.01.06-01.05.57:338][  0]LogShaderLibrary: Display: ShaderCodeLibraryPakFileMountedCallback: pending pak file info (ChunkID:-1 Root:root:/ File:D:/UNREAL/Epic Games/UE_4.27/FeaturePacks/TP_Rolling.upack)
[2022.01.06-01.05.57:338][  0]LogPakFile: OnPakFileMounted2Time == 0.000029
[2022.01.06-01.05.57:338][  0]LogPakFile: PakFile PrimaryIndexSize=185
[2022.01.06-01.05.57:338][  0]LogPakFile: PakFile PathHashIndexSize=101
[2022.01.06-01.05.57:338][  0]LogPakFile: PakFile FullDirectoryIndexSize=144
[2022.01.06-01.05.57:338][  0]LogShaderLibrary: Display: ShaderCodeLibraryPakFileMountedCallback: PakFile 'D:/UNREAL/Epic Games/UE_4.27/FeaturePacks/TP_RollingBP.upack' (chunk index -1, root 'root:/') mounted
[2022.01.06-01.05.57:338][  0]LogShaderLibrary: Display: ShaderCodeLibraryPakFileMountedCallback: pending pak file info (ChunkID:-1 Root:root:/ File:D:/UNREAL/Epic Games/UE_4.27/FeaturePacks/TP_RollingBP.upack)
[2022.01.06-01.05.57:338][  0]LogPakFile: OnPakFileMounted2Time == 0.000029
[2022.01.06-01.05.57:339][  0]LogPakFile: PakFile PrimaryIndexSize=188
[2022.01.06-01.05.57:339][  0]LogPakFile: PakFile PathHashIndexSize=101
[2022.01.06-01.05.57:339][  0]LogPakFile: PakFile FullDirectoryIndexSize=150
[2022.01.06-01.05.57:339][  0]LogShaderLibrary: Display: ShaderCodeLibraryPakFileMountedCallback: PakFile 'D:/UNREAL/Epic Games/UE_4.27/FeaturePacks/TP_SideScroller.upack' (chunk index -1, root 'root:/') mounted
[2022.01.06-01.05.57:339][  0]LogShaderLibrary: Display: ShaderCodeLibraryPakFileMountedCallback: pending pak file info (ChunkID:-1 Root:root:/ File:D:/UNREAL/Epic Games/UE_4.27/FeaturePacks/TP_SideScroller.upack)
[2022.01.06-01.05.57:339][  0]LogPakFile: OnPakFileMounted2Time == 0.000029
[2022.01.06-01.05.57:339][  0]LogPakFile: PakFile PrimaryIndexSize=190
[2022.01.06-01.05.57:339][  0]LogPakFile: PakFile PathHashIndexSize=101
[2022.01.06-01.05.57:339][  0]LogPakFile: PakFile FullDirectoryIndexSize=154
[2022.01.06-01.05.57:339][  0]LogShaderLibrary: Display: ShaderCodeLibraryPakFileMountedCallback: PakFile 'D:/UNREAL/Epic Games/UE_4.27/FeaturePacks/TP_SideScrollerBP.upack' (chunk index -1, root 'root:/') mounted
[2022.01.06-01.05.57:339][  0]LogShaderLibrary: Display: ShaderCodeLibraryPakFileMountedCallback: pending pak file info (ChunkID:-1 Root:root:/ File:D:/UNREAL/Epic Games/UE_4.27/FeaturePacks/TP_SideScrollerBP.upack)
[2022.01.06-01.05.57:339][  0]LogPakFile: OnPakFileMounted2Time == 0.000029
[2022.01.06-01.05.57:339][  0]LogPakFile: PakFile PrimaryIndexSize=187
[2022.01.06-01.05.57:339][  0]LogPakFile: PakFile PathHashIndexSize=101
[2022.01.06-01.05.57:339][  0]LogPakFile: PakFile FullDirectoryIndexSize=148
[2022.01.06-01.05.57:339][  0]LogShaderLibrary: Display: ShaderCodeLibraryPakFileMountedCallback: PakFile 'D:/UNREAL/Epic Games/UE_4.27/FeaturePacks/TP_ThirdPerson.upack' (chunk index -1, root 'root:/') mounted
[2022.01.06-01.05.57:339][  0]LogShaderLibrary: Display: ShaderCodeLibraryPakFileMountedCallback: pending pak file info (ChunkID:-1 Root:root:/ File:D:/UNREAL/Epic Games/UE_4.27/FeaturePacks/TP_ThirdPerson.upack)
[2022.01.06-01.05.57:339][  0]LogPakFile: OnPakFileMounted2Time == 0.000032
[2022.01.06-01.05.57:340][  0]LogPakFile: PakFile PrimaryIndexSize=189
[2022.01.06-01.05.57:340][  0]LogPakFile: PakFile PathHashIndexSize=101
[2022.01.06-01.05.57:340][  0]LogPakFile: PakFile FullDirectoryIndexSize=152
[2022.01.06-01.05.57:340][  0]LogShaderLibrary: Display: ShaderCodeLibraryPakFileMountedCallback: PakFile 'D:/UNREAL/Epic Games/UE_4.27/FeaturePacks/TP_ThirdPersonBP.upack' (chunk index -1, root 'root:/') mounted
[2022.01.06-01.05.57:340][  0]LogShaderLibrary: Display: ShaderCodeLibraryPakFileMountedCallback: pending pak file info (ChunkID:-1 Root:root:/ File:D:/UNREAL/Epic Games/UE_4.27/FeaturePacks/TP_ThirdPersonBP.upack)
[2022.01.06-01.05.57:340][  0]LogPakFile: OnPakFileMounted2Time == 0.000029
[2022.01.06-01.05.57:340][  0]LogPakFile: PakFile PrimaryIndexSize=183
[2022.01.06-01.05.57:340][  0]LogPakFile: PakFile PathHashIndexSize=101
[2022.01.06-01.05.57:340][  0]LogPakFile: PakFile FullDirectoryIndexSize=140
[2022.01.06-01.05.57:340][  0]LogShaderLibrary: Display: ShaderCodeLibraryPakFileMountedCallback: PakFile 'D:/UNREAL/Epic Games/UE_4.27/FeaturePacks/TP_TopDown.upack' (chunk index -1, root 'root:/') mounted
[2022.01.06-01.05.57:340][  0]LogShaderLibrary: Display: ShaderCodeLibraryPakFileMountedCallback: pending pak file info (ChunkID:-1 Root:root:/ File:D:/UNREAL/Epic Games/UE_4.27/FeaturePacks/TP_TopDown.upack)
[2022.01.06-01.05.57:340][  0]LogPakFile: OnPakFileMounted2Time == 0.000034
[2022.01.06-01.05.57:341][  0]LogPakFile: PakFile PrimaryIndexSize=185
[2022.01.06-01.05.57:341][  0]LogPakFile: PakFile PathHashIndexSize=101
[2022.01.06-01.05.57:341][  0]LogPakFile: PakFile FullDirectoryIndexSize=144
[2022.01.06-01.05.57:341][  0]LogShaderLibrary: Display: ShaderCodeLibraryPakFileMountedCallback: PakFile 'D:/UNREAL/Epic Games/UE_4.27/FeaturePacks/TP_TopDownBP.upack' (chunk index -1, root 'root:/') mounted
[2022.01.06-01.05.57:341][  0]LogShaderLibrary: Display: ShaderCodeLibraryPakFileMountedCallback: pending pak file info (ChunkID:-1 Root:root:/ File:D:/UNREAL/Epic Games/UE_4.27/FeaturePacks/TP_TopDownBP.upack)
[2022.01.06-01.05.57:341][  0]LogPakFile: OnPakFileMounted2Time == 0.000029
[2022.01.06-01.05.57:341][  0]LogPakFile: PakFile PrimaryIndexSize=185
[2022.01.06-01.05.57:341][  0]LogPakFile: PakFile PathHashIndexSize=101
[2022.01.06-01.05.57:341][  0]LogPakFile: PakFile FullDirectoryIndexSize=144
[2022.01.06-01.05.57:341][  0]LogShaderLibrary: Display: ShaderCodeLibraryPakFileMountedCallback: PakFile 'D:/UNREAL/Epic Games/UE_4.27/FeaturePacks/TP_TwinStick.upack' (chunk index -1, root 'root:/') mounted
[2022.01.06-01.05.57:341][  0]LogShaderLibrary: Display: ShaderCodeLibraryPakFileMountedCallback: pending pak file info (ChunkID:-1 Root:root:/ File:D:/UNREAL/Epic Games/UE_4.27/FeaturePacks/TP_TwinStick.upack)
[2022.01.06-01.05.57:341][  0]LogPakFile: OnPakFileMounted2Time == 0.000029
[2022.01.06-01.05.57:341][  0]LogPakFile: PakFile PrimaryIndexSize=187
[2022.01.06-01.05.57:341][  0]LogPakFile: PakFile PathHashIndexSize=101
[2022.01.06-01.05.57:341][  0]LogPakFile: PakFile FullDirectoryIndexSize=148
[2022.01.06-01.05.57:341][  0]LogShaderLibrary: Display: ShaderCodeLibraryPakFileMountedCallback: PakFile 'D:/UNREAL/Epic Games/UE_4.27/FeaturePacks/TP_TwinStickBP.upack' (chunk index -1, root 'root:/') mounted
[2022.01.06-01.05.57:341][  0]LogShaderLibrary: Display: ShaderCodeLibraryPakFileMountedCallback: pending pak file info (ChunkID:-1 Root:root:/ File:D:/UNREAL/Epic Games/UE_4.27/FeaturePacks/TP_TwinStickBP.upack)
[2022.01.06-01.05.57:341][  0]LogPakFile: OnPakFileMounted2Time == 0.000031
[2022.01.06-01.05.57:342][  0]LogPakFile: PakFile PrimaryIndexSize=183
[2022.01.06-01.05.57:342][  0]LogPakFile: PakFile PathHashIndexSize=101
[2022.01.06-01.05.57:342][  0]LogPakFile: PakFile FullDirectoryIndexSize=140
[2022.01.06-01.05.57:342][  0]LogShaderLibrary: Display: ShaderCodeLibraryPakFileMountedCallback: PakFile 'D:/UNREAL/Epic Games/UE_4.27/FeaturePacks/TP_Vehicle.upack' (chunk index -1, root 'root:/') mounted
[2022.01.06-01.05.57:342][  0]LogShaderLibrary: Display: ShaderCodeLibraryPakFileMountedCallback: pending pak file info (ChunkID:-1 Root:root:/ File:D:/UNREAL/Epic Games/UE_4.27/FeaturePacks/TP_Vehicle.upack)
[2022.01.06-01.05.57:342][  0]LogPakFile: OnPakFileMounted2Time == 0.000029
[2022.01.06-01.05.57:342][  0]LogPakFile: PakFile PrimaryIndexSize=186
[2022.01.06-01.05.57:342][  0]LogPakFile: PakFile PathHashIndexSize=101
[2022.01.06-01.05.57:342][  0]LogPakFile: PakFile FullDirectoryIndexSize=146
[2022.01.06-01.05.57:342][  0]LogShaderLibrary: Display: ShaderCodeLibraryPakFileMountedCallback: PakFile 'D:/UNREAL/Epic Games/UE_4.27/FeaturePacks/TP_VehicleAdv.upack' (chunk index -1, root 'root:/') mounted
[2022.01.06-01.05.57:342][  0]LogShaderLibrary: Display: ShaderCodeLibraryPakFileMountedCallback: pending pak file info (ChunkID:-1 Root:root:/ File:D:/UNREAL/Epic Games/UE_4.27/FeaturePacks/TP_VehicleAdv.upack)
[2022.01.06-01.05.57:342][  0]LogPakFile: OnPakFileMounted2Time == 0.000029
[2022.01.06-01.05.57:343][  0]LogPakFile: PakFile PrimaryIndexSize=188
[2022.01.06-01.05.57:343][  0]LogPakFile: PakFile PathHashIndexSize=101
[2022.01.06-01.05.57:343][  0]LogPakFile: PakFile FullDirectoryIndexSize=150
[2022.01.06-01.05.57:343][  0]LogShaderLibrary: Display: ShaderCodeLibraryPakFileMountedCallback: PakFile 'D:/UNREAL/Epic Games/UE_4.27/FeaturePacks/TP_VehicleAdvBP.upack' (chunk index -1, root 'root:/') mounted
[2022.01.06-01.05.57:343][  0]LogShaderLibrary: Display: ShaderCodeLibraryPakFileMountedCallback: pending pak file info (ChunkID:-1 Root:root:/ File:D:/UNREAL/Epic Games/UE_4.27/FeaturePacks/TP_VehicleAdvBP.upack)
[2022.01.06-01.05.57:343][  0]LogPakFile: OnPakFileMounted2Time == 0.000030
[2022.01.06-01.05.57:343][  0]LogPakFile: PakFile PrimaryIndexSize=185
[2022.01.06-01.05.57:343][  0]LogPakFile: PakFile PathHashIndexSize=101
[2022.01.06-01.05.57:343][  0]LogPakFile: PakFile FullDirectoryIndexSize=144
[2022.01.06-01.05.57:343][  0]LogShaderLibrary: Display: ShaderCodeLibraryPakFileMountedCallback: PakFile 'D:/UNREAL/Epic Games/UE_4.27/FeaturePacks/TP_VehicleBP.upack' (chunk index -1, root 'root:/') mounted
[2022.01.06-01.05.57:343][  0]LogShaderLibrary: Display: ShaderCodeLibraryPakFileMountedCallback: pending pak file info (ChunkID:-1 Root:root:/ File:D:/UNREAL/Epic Games/UE_4.27/FeaturePacks/TP_VehicleBP.upack)
[2022.01.06-01.05.57:343][  0]LogPakFile: OnPakFileMounted2Time == 0.000029
[2022.01.06-01.05.57:343][  0]LogPakFile: PakFile PrimaryIndexSize=192
[2022.01.06-01.05.57:343][  0]LogPakFile: PakFile PathHashIndexSize=101
[2022.01.06-01.05.57:343][  0]LogPakFile: PakFile FullDirectoryIndexSize=158
[2022.01.06-01.05.57:343][  0]LogShaderLibrary: Display: ShaderCodeLibraryPakFileMountedCallback: PakFile 'D:/UNREAL/Epic Games/UE_4.27/FeaturePacks/TP_VirtualRealityBP.upack' (chunk index -1, root 'root:/') mounted
[2022.01.06-01.05.57:344][  0]LogShaderLibrary: Display: ShaderCodeLibraryPakFileMountedCallback: pending pak file info (ChunkID:-1 Root:root:/ File:D:/UNREAL/Epic Games/UE_4.27/FeaturePacks/TP_VirtualRealityBP.upack)
[2022.01.06-01.05.57:344][  0]LogPakFile: OnPakFileMounted2Time == 0.000044
[2022.01.06-01.05.57:373][  0]LogNativeClassHierarchy: Verbose: Native class hierarchy updated for 'AddContentDialog' in 0.0002 seconds. Added 0 classes and 0 folders.
[2022.01.06-01.05.57:374][  0]LogNativeClassHierarchy: Verbose: Native class hierarchy updated for 'SceneOutliner' in 0.0002 seconds. Added 2 classes and 0 folders.
[2022.01.06-01.05.57:393][  0]LogNativeClassHierarchy: Verbose: Native class hierarchy updated for 'HierarchicalLODOutliner' in 0.0002 seconds. Added 0 classes and 0 folders.
[2022.01.06-01.05.57:393][  0]LogLoad: (Engine Initialization) Total time: 5.85 seconds
[2022.01.06-01.05.57:393][  0]LogLoad: (Engine Initialization) Total Blueprint compile time: 0.00 seconds
[2022.01.06-01.05.57:427][  0]LogAssetRegistry: Asset discovery search completed in 3.4156 seconds
[2022.01.06-01.05.57:432][  0]LogCollectionManager: Fixed up redirectors for 0 collections in 0.000003 seconds (updated 0 objects)
[2022.01.06-01.05.57:433][  0]LogContentStreaming: Texture pool size now 1000 MB
[2022.01.06-01.05.57:439][  0]LogSlate: Took 0.000109 seconds to synchronously load lazily loaded font '../../../Engine/Content/Slate/Fonts/Roboto-Regular.ttf' (155K)
[2022.01.06-01.05.57:440][  0]LogSlate: Took 0.000081 seconds to synchronously load lazily loaded font '../../../Engine/Content/Editor/Slate/Fonts/FontAwesome.ttf' (139K)
[2022.01.06-01.05.57:440][  0]LogSlate: Took 0.000074 seconds to synchronously load lazily loaded font '../../../Engine/Content/Slate/Fonts/Roboto-Bold.ttf' (160K)
[2022.01.06-01.05.57:489][  0]LogSlate: Took 0.000107 seconds to synchronously load lazily loaded font '../../../Engine/Content/Slate/Fonts/Roboto-Light.ttf' (167K)
[2022.01.06-01.05.57:511][  1]LogRenderer: Reallocating scene render targets to support 696x352 Format 10 NumSamples 1 (Frame:1).
[2022.01.06-01.05.58:410][ 82]LogSlate: Took 0.000131 seconds to synchronously load lazily loaded font '../../../Engine/Content/Slate/Fonts/Roboto-Light.ttf' (167K)
[2022.01.06-01.06.04:357][398]LogSlate: Took 0.000129 seconds to synchronously load lazily loaded font '../../../Engine/Content/Slate/Fonts/Roboto-Italic.ttf' (157K)
